Using pre-set license
Built from '2020.2/release' branch; Version is '2020.2.4f1 (becced5a802b) revision 12504301'; Using compiler version '192528614'; Build Type 'Release'
OS: 'Windows 10 Home; OS build 17134.1304; Version 1803; 64bit' Language: 'ko' Physical Memory: 16322 MB
BatchMode: 1, IsHumanControllingUs: 0, StartBugReporterOnCrash: 0, Is64bit: 1, IsPro: 0

 COMMAND LINE ARGUMENTS:
C:\Program Files\Unity\Hub\Editor\2020.2.4f1\Editor\Unity.exe
-adb2
-batchMode
-noUpm
-name
AssetImportWorker0
-projectPath
D:/GitHub/Jisu/제출/ProjectG
-logFile
Logs/AssetImportWorker0.log
-srvPort
57314
Successfully changed project path to: D:/GitHub/Jisu/제출/ProjectG
D:/GitHub/Jisu/제출/ProjectG
Using Asset Import Pipeline V2.
Refreshing native plugins compatible for Editor in 36.09 ms, found 0 plugins.
Preloading 0 native plugins for Editor in 0.00 ms.
Initialize engine version: 2020.2.4f1 (becced5a802b)
[Subsystems] Discovering subsystems at path C:/Program Files/Unity/Hub/Editor/2020.2.4f1/Editor/Data/Resources/UnitySubsystems
[Subsystems] Discovering subsystems at path D:/GitHub/Jisu/제출/ProjectG/Assets
GfxDevice: creating device client; threaded=0
Direct3D:
    Version:  Direct3D 11.0 [level 11.1]
    Renderer: NVIDIA GeForce GTX 1060 3GB (ID=0x1c02)
    Vendor:   
    VRAM:     2988 MB
    Driver:   27.21.14.6079
Initialize mono
Mono path[0] = 'C:/Program Files/Unity/Hub/Editor/2020.2.4f1/Editor/Data/Managed'
Mono path[1] = 'C:/Program Files/Unity/Hub/Editor/2020.2.4f1/Editor/Data/MonoBleedingEdge/lib/mono/unityjit'
Mono config path = 'C:/Program Files/Unity/Hub/Editor/2020.2.4f1/Editor/Data/MonoBleedingEdge/etc'
Using monoOptions --debugger-agent=transport=dt_socket,embedding=1,server=y,suspend=n,address=127.0.0.1:56408
Begin MonoManager ReloadAssembly
Registering precompiled unity dll's ...
Register platform support module: C:/Program Files/Unity/Hub/Editor/2020.2.4f1/Editor/Data/PlaybackEngines/WindowsStandaloneSupport/UnityEditor.WindowsStandalone.Extensions.dll
Registered in 0.002375 seconds.
Native extension for WindowsStandalone target not found
Refreshing native plugins compatible for Editor in 34.78 ms, found 0 plugins.
Preloading 0 native plugins for Editor in 0.00 ms.
Invoked RoslynAnalysisRunner static constructor.
RoslynAnalysisRunner will not be running.
RoslynAnalysisRunner has terminated.
Mono: successfully reloaded assembly
- Completed reload, in  1.322 seconds
Platform modules already initialized, skipping
Registering precompiled user dll's ...
Registered in 0.000690 seconds.
Begin MonoManager ReloadAssembly
Native extension for WindowsStandalone target not found
Refreshing native plugins compatible for Editor in 0.32 ms, found 0 plugins.
Preloading 0 native plugins for Editor in 0.00 ms.
Invoked RoslynAnalysisRunner static constructor.
RoslynAnalysisRunner will not be running.
RoslynAnalysisRunner has terminated.
Mono: successfully reloaded assembly
- Completed reload, in  0.802 seconds
Platform modules already initialized, skipping
========================================================================
Worker process is ready to serve import requests
Launched and connected shader compiler UnityShaderCompiler.exe after 0.04 seconds
Refreshing native plugins compatible for Editor in 0.32 ms, found 0 plugins.
Preloading 0 native plugins for Editor in 0.00 ms.
Unloading 1215 Unused Serialized files (Serialized files now loaded: 0)
System memory in use before: 65.3 MB.
System memory in use after: 65.4 MB.

Unloading 9 unused Assets to reduce memory usage. Loaded Objects now: 1660.
Total: 1.595735 ms (FindLiveObjects: 0.137899 ms CreateObjectMapping: 0.044032 ms MarkObjects: 1.353729 ms  DeleteObjects: 0.059051 ms)

========================================================================
Received Import Request.
  path: Assets/Prefabs/InfoWindow.prefab
  artifactKey: Guid(b8c39ea20e4777948ae1874ce8d93ffa) Importer(815301076,1909f56bfc062723c751e8b465ee728b)
Start importing Assets/Prefabs/InfoWindow.prefab using Guid(b8c39ea20e4777948ae1874ce8d93ffa) Importer(815301076,1909f56bfc062723c751e8b465ee728b)  -> (artifact id: '36660ffda95b7047adf5393b1dab8134') in 0.090749 seconds
  Import took 0.093018 seconds .

========================================================================
Received Import Request.
  Time since last request: 13.443663 seconds.
  path: Assets/Prefabs/InfoWindow.prefab
  artifactKey: Guid(b8c39ea20e4777948ae1874ce8d93ffa) Importer(815301076,1909f56bfc062723c751e8b465ee728b)
Start importing Assets/Prefabs/InfoWindow.prefab using Guid(b8c39ea20e4777948ae1874ce8d93ffa) Importer(815301076,1909f56bfc062723c751e8b465ee728b)  -> (artifact id: '711b4c2cec881bf5a2a54c93fdc22c7a') in 0.005497 seconds
  Import took 0.021243 seconds .

========================================================================
Received Import Request.
  Time since last request: 12.927216 seconds.
  path: Assets/Prefabs/InventoryWindow.prefab
  artifactKey: Guid(addea473003063a4bb3f4c1bbc4c89a2) Importer(815301076,1909f56bfc062723c751e8b465ee728b)
Start importing Assets/Prefabs/InventoryWindow.prefab using Guid(addea473003063a4bb3f4c1bbc4c89a2) Importer(815301076,1909f56bfc062723c751e8b465ee728b)  -> (artifact id: 'e8ed67febd52496937e45e7b23b2827f') in 0.010357 seconds
  Import took 0.012717 seconds .

========================================================================
Received Import Request.
  Time since last request: 7.032076 seconds.
  path: Assets/Prefabs/InventoryWindow.prefab
  artifactKey: Guid(addea473003063a4bb3f4c1bbc4c89a2) Importer(815301076,1909f56bfc062723c751e8b465ee728b)
Start importing Assets/Prefabs/InventoryWindow.prefab using Guid(addea473003063a4bb3f4c1bbc4c89a2) Importer(815301076,1909f56bfc062723c751e8b465ee728b)  -> (artifact id: 'c745ba03d8703ff667d548e05b8404d9') in 0.005539 seconds
  Import took 0.008141 seconds .

========================================================================
Received Import Request.
  Time since last request: 4.439925 seconds.
  path: Assets/Prefabs/InventoryWindow.prefab
  artifactKey: Guid(addea473003063a4bb3f4c1bbc4c89a2) Importer(815301076,1909f56bfc062723c751e8b465ee728b)
Start importing Assets/Prefabs/InventoryWindow.prefab using Guid(addea473003063a4bb3f4c1bbc4c89a2) Importer(815301076,1909f56bfc062723c751e8b465ee728b)  -> (artifact id: 'a24f702154f8e3e755de824809064edb') in 0.005610 seconds
  Import took 0.007883 seconds .

========================================================================
Received Import Request.
  Time since last request: 4.441477 seconds.
  path: Assets/Prefabs/InventoryWindow.prefab
  artifactKey: Guid(addea473003063a4bb3f4c1bbc4c89a2) Importer(815301076,1909f56bfc062723c751e8b465ee728b)
Start importing Assets/Prefabs/InventoryWindow.prefab using Guid(addea473003063a4bb3f4c1bbc4c89a2) Importer(815301076,1909f56bfc062723c751e8b465ee728b)  -> (artifact id: '19da0074fb16f61fe8acd3e9a5e76034') in 0.006060 seconds
  Import took 0.008336 seconds .

========================================================================
Received Import Request.
  Time since last request: 3.612709 seconds.
  path: Assets/Prefabs/InventoryWindow.prefab
  artifactKey: Guid(addea473003063a4bb3f4c1bbc4c89a2) Importer(815301076,1909f56bfc062723c751e8b465ee728b)
Start importing Assets/Prefabs/InventoryWindow.prefab using Guid(addea473003063a4bb3f4c1bbc4c89a2) Importer(815301076,1909f56bfc062723c751e8b465ee728b)  -> (artifact id: 'e73fe72963148464977c54f5d065d610') in 0.005625 seconds
  Import took 0.007813 seconds .

========================================================================
Received Import Request.
  Time since last request: 1.398232 seconds.
  path: Assets/Prefabs/InventoryWindow.prefab
  artifactKey: Guid(addea473003063a4bb3f4c1bbc4c89a2) Importer(815301076,1909f56bfc062723c751e8b465ee728b)
Start importing Assets/Prefabs/InventoryWindow.prefab using Guid(addea473003063a4bb3f4c1bbc4c89a2) Importer(815301076,1909f56bfc062723c751e8b465ee728b)  -> (artifact id: '0aae8315d20ba77744d220301a41747f') in 0.005664 seconds
  Import took 0.007888 seconds .

========================================================================
Received Prepare
Registering precompiled user dll's ...
Registered in 0.000818 seconds.
Begin MonoManager ReloadAssembly
Native extension for WindowsStandalone target not found
Refreshing native plugins compatible for Editor in 0.33 ms, found 0 plugins.
Preloading 0 native plugins for Editor in 0.00 ms.
Invoked RoslynAnalysisRunner static constructor.
RoslynAnalysisRunner will not be running.
RoslynAnalysisRunner has terminated.
Mono: successfully reloaded assembly
- Completed reload, in  0.875 seconds
Platform modules already initialized, skipping
Refreshing native plugins compatible for Editor in 0.35 ms, found 0 plugins.
Preloading 0 native plugins for Editor in 0.00 ms.
Unloading 1210 Unused Serialized files (Serialized files now loaded: 0)
System memory in use before: 65.4 MB.
System memory in use after: 65.5 MB.

Unloading 5 unused Assets to reduce memory usage. Loaded Objects now: 1665.
Total: 1.357484 ms (FindLiveObjects: 0.120832 ms CreateObjectMapping: 0.036181 ms MarkObjects: 1.181697 ms  DeleteObjects: 0.017408 ms)

========================================================================
Received Import Request.
  Time since last request: 25.446197 seconds.
  path: Assets/Script/EixtWindow.cs
  artifactKey: Guid(cf05984a4b2857041a3c25dfaa9151c6) Importer(815301076,1909f56bfc062723c751e8b465ee728b)
Start importing Assets/Script/EixtWindow.cs using Guid(cf05984a4b2857041a3c25dfaa9151c6) Importer(815301076,1909f56bfc062723c751e8b465ee728b)  -> (artifact id: '7cc153d065eca44375773c207b80a515') in 0.018029 seconds
  Import took 0.020139 seconds .

========================================================================
Received Import Request.
  Time since last request: 46.798629 seconds.
  path: Assets/Prefabs/InfoWindow.prefab
  artifactKey: Guid(b8c39ea20e4777948ae1874ce8d93ffa) Importer(815301076,1909f56bfc062723c751e8b465ee728b)
Start importing Assets/Prefabs/InfoWindow.prefab using Guid(b8c39ea20e4777948ae1874ce8d93ffa) Importer(815301076,1909f56bfc062723c751e8b465ee728b)  -> (artifact id: '670bf39a3355018211222b573107285e') in 0.199582 seconds
  Import took 0.224380 seconds .

========================================================================
Received Import Request.
  Time since last request: 1.078725 seconds.
  path: Assets/Prefabs/InfoWindow.prefab
  artifactKey: Guid(b8c39ea20e4777948ae1874ce8d93ffa) Importer(815301076,1909f56bfc062723c751e8b465ee728b)
Start importing Assets/Prefabs/InfoWindow.prefab using Guid(b8c39ea20e4777948ae1874ce8d93ffa) Importer(815301076,1909f56bfc062723c751e8b465ee728b)  -> (artifact id: '9951998ac64e024bad238986d3d93dc3') in 0.007136 seconds
  Import took 0.009430 seconds .

========================================================================
Received Import Request.
  Time since last request: 3.545410 seconds.
  path: Assets/Prefabs/InventoryWindow.prefab
  artifactKey: Guid(addea473003063a4bb3f4c1bbc4c89a2) Importer(815301076,1909f56bfc062723c751e8b465ee728b)
Start importing Assets/Prefabs/InventoryWindow.prefab using Guid(addea473003063a4bb3f4c1bbc4c89a2) Importer(815301076,1909f56bfc062723c751e8b465ee728b)  -> (artifact id: '208c58116d71d5426dab7237f3665849') in 0.008072 seconds
  Import took 0.010863 seconds .

========================================================================
Received Import Request.
  Time since last request: 1.009961 seconds.
  path: Assets/Prefabs/InventoryWindow.prefab
  artifactKey: Guid(addea473003063a4bb3f4c1bbc4c89a2) Importer(815301076,1909f56bfc062723c751e8b465ee728b)
Start importing Assets/Prefabs/InventoryWindow.prefab using Guid(addea473003063a4bb3f4c1bbc4c89a2) Importer(815301076,1909f56bfc062723c751e8b465ee728b)  -> (artifact id: 'cae85fd77d176dcf9e2994f898025470') in 0.006012 seconds
  Import took 0.008494 seconds .

========================================================================
Received Prepare
Registering precompiled user dll's ...
Registered in 0.000796 seconds.
Begin MonoManager ReloadAssembly
Native extension for WindowsStandalone target not found
Refreshing native plugins compatible for Editor in 0.33 ms, found 0 plugins.
Preloading 0 native plugins for Editor in 0.00 ms.
Invoked RoslynAnalysisRunner static constructor.
RoslynAnalysisRunner will not be running.
RoslynAnalysisRunner has terminated.
Mono: successfully reloaded assembly
- Completed reload, in  0.777 seconds
Platform modules already initialized, skipping
Refreshing native plugins compatible for Editor in 0.33 ms, found 0 plugins.
Preloading 0 native plugins for Editor in 0.00 ms.
Unloading 1209 Unused Serialized files (Serialized files now loaded: 0)
System memory in use before: 65.4 MB.
System memory in use after: 65.5 MB.

Unloading 5 unused Assets to reduce memory usage. Loaded Objects now: 1667.
Total: 1.552385 ms (FindLiveObjects: 0.115712 ms CreateObjectMapping: 0.034133 ms MarkObjects: 1.383425 ms  DeleteObjects: 0.017749 ms)

========================================================================
Received Prepare
Registering precompiled user dll's ...
Registered in 0.000739 seconds.
Begin MonoManager ReloadAssembly
Native extension for WindowsStandalone target not found
Refreshing native plugins compatible for Editor in 0.32 ms, found 0 plugins.
Preloading 0 native plugins for Editor in 0.00 ms.
Invoked RoslynAnalysisRunner static constructor.
RoslynAnalysisRunner will not be running.
RoslynAnalysisRunner has terminated.
Mono: successfully reloaded assembly
- Completed reload, in  0.771 seconds
Platform modules already initialized, skipping
Refreshing native plugins compatible for Editor in 0.36 ms, found 0 plugins.
Preloading 0 native plugins for Editor in 0.00 ms.
Unloading 1209 Unused Serialized files (Serialized files now loaded: 0)
System memory in use before: 65.5 MB.
System memory in use after: 65.6 MB.

Unloading 4 unused Assets to reduce memory usage. Loaded Objects now: 1669.
Total: 1.985196 ms (FindLiveObjects: 0.145408 ms CreateObjectMapping: 0.041643 ms MarkObjects: 1.782786 ms  DeleteObjects: 0.014336 ms)

========================================================================
Received Import Request.
  Time since last request: 149.603824 seconds.
  path: Assets/Prefabs/InventoryWindow.prefab
  artifactKey: Guid(addea473003063a4bb3f4c1bbc4c89a2) Importer(815301076,1909f56bfc062723c751e8b465ee728b)
Start importing Assets/Prefabs/InventoryWindow.prefab using Guid(addea473003063a4bb3f4c1bbc4c89a2) Importer(815301076,1909f56bfc062723c751e8b465ee728b)  -> (artifact id: '256c486e214983a0a9b3355d6a871475') in 0.206187 seconds
  Import took 0.263469 seconds .

========================================================================
Received Import Request.
  Time since last request: 3.966419 seconds.
  path: Assets/Prefabs/InventoryWindow.prefab
  artifactKey: Guid(addea473003063a4bb3f4c1bbc4c89a2) Importer(815301076,1909f56bfc062723c751e8b465ee728b)
Start importing Assets/Prefabs/InventoryWindow.prefab using Guid(addea473003063a4bb3f4c1bbc4c89a2) Importer(815301076,1909f56bfc062723c751e8b465ee728b)  -> (artifact id: '15042716fd9e6c858f0cbbf7dbf90838') in 0.175085 seconds
  Import took 0.214674 seconds .

========================================================================
Received Import Request.
  Time since last request: 5.731303 seconds.
  path: Assets/Prefabs/InfoWindow.prefab
  artifactKey: Guid(b8c39ea20e4777948ae1874ce8d93ffa) Importer(815301076,1909f56bfc062723c751e8b465ee728b)
Start importing Assets/Prefabs/InfoWindow.prefab using Guid(b8c39ea20e4777948ae1874ce8d93ffa) Importer(815301076,1909f56bfc062723c751e8b465ee728b)  -> (artifact id: '73a627d8794d6d99cdf50debb58fc530') in 0.010753 seconds
  Import took 0.012940 seconds .

========================================================================
Received Import Request.
  Time since last request: 4.046644 seconds.
  path: Assets/Prefabs/InfoWindow.prefab
  artifactKey: Guid(b8c39ea20e4777948ae1874ce8d93ffa) Importer(815301076,1909f56bfc062723c751e8b465ee728b)
Start importing Assets/Prefabs/InfoWindow.prefab using Guid(b8c39ea20e4777948ae1874ce8d93ffa) Importer(815301076,1909f56bfc062723c751e8b465ee728b)  -> (artifact id: 'b6e909a921d0fe6f294d31a3ee9e7076') in 0.010156 seconds
  Import took 0.012533 seconds .

========================================================================
Received Prepare
Registering precompiled user dll's ...
Registered in 0.000842 seconds.
Begin MonoManager ReloadAssembly
Native extension for WindowsStandalone target not found
Refreshing native plugins compatible for Editor in 0.34 ms, found 0 plugins.
Preloading 0 native plugins for Editor in 0.00 ms.
Invoked RoslynAnalysisRunner static constructor.
RoslynAnalysisRunner will not be running.
RoslynAnalysisRunner has terminated.
Mono: successfully reloaded assembly
- Completed reload, in  0.779 seconds
Platform modules already initialized, skipping
Refreshing native plugins compatible for Editor in 0.35 ms, found 0 plugins.
Preloading 0 native plugins for Editor in 0.00 ms.
Unloading 1209 Unused Serialized files (Serialized files now loaded: 0)
System memory in use before: 65.5 MB.
System memory in use after: 65.6 MB.

Unloading 5 unused Assets to reduce memory usage. Loaded Objects now: 1671.
Total: 1.495041 ms (FindLiveObjects: 0.133461 ms CreateObjectMapping: 0.036181 ms MarkObjects: 1.307308 ms  DeleteObjects: 0.017067 ms)

========================================================================
Received Import Request.
  Time since last request: 44.204286 seconds.
  path: Assets/Prefabs/InfoWindow.prefab
  artifactKey: Guid(b8c39ea20e4777948ae1874ce8d93ffa) Importer(815301076,1909f56bfc062723c751e8b465ee728b)
Start importing Assets/Prefabs/InfoWindow.prefab using Guid(b8c39ea20e4777948ae1874ce8d93ffa) Importer(815301076,1909f56bfc062723c751e8b465ee728b)  -> (artifact id: '0eaf1285063f9e144871495b51dc965b') in 0.223035 seconds
  Import took 0.225410 seconds .

========================================================================
Received Import Request.
  Time since last request: 7.226784 seconds.
  path: Assets/Prefabs/InventoryWindow.prefab
  artifactKey: Guid(addea473003063a4bb3f4c1bbc4c89a2) Importer(815301076,1909f56bfc062723c751e8b465ee728b)
Start importing Assets/Prefabs/InventoryWindow.prefab using Guid(addea473003063a4bb3f4c1bbc4c89a2) Importer(815301076,1909f56bfc062723c751e8b465ee728b)  -> (artifact id: 'fceaee9b5a5b9617207327d1bd4ee2a4') in 0.192888 seconds
  Import took 0.225251 seconds .

========================================================================
Received Prepare
Registering precompiled user dll's ...
Registered in 0.000783 seconds.
Begin MonoManager ReloadAssembly
Native extension for WindowsStandalone target not found
Refreshing native plugins compatible for Editor in 0.33 ms, found 0 plugins.
Preloading 0 native plugins for Editor in 0.00 ms.
Invoked RoslynAnalysisRunner static constructor.
RoslynAnalysisRunner will not be running.
RoslynAnalysisRunner has terminated.
Mono: successfully reloaded assembly
- Completed reload, in  0.765 seconds
Platform modules already initialized, skipping
Refreshing native plugins compatible for Editor in 0.33 ms, found 0 plugins.
Preloading 0 native plugins for Editor in 0.00 ms.
Unloading 1209 Unused Serialized files (Serialized files now loaded: 0)
System memory in use before: 65.5 MB.
System memory in use after: 65.6 MB.

Unloading 5 unused Assets to reduce memory usage. Loaded Objects now: 1673.
Total: 1.416535 ms (FindLiveObjects: 0.157013 ms CreateObjectMapping: 0.055979 ms MarkObjects: 1.185793 ms  DeleteObjects: 0.016384 ms)

========================================================================
Received Prepare
Registering precompiled user dll's ...
Registered in 0.000785 seconds.
Begin MonoManager ReloadAssembly
Native extension for WindowsStandalone target not found
Refreshing native plugins compatible for Editor in 0.32 ms, found 0 plugins.
Preloading 0 native plugins for Editor in 0.00 ms.
Invoked RoslynAnalysisRunner static constructor.
RoslynAnalysisRunner will not be running.
RoslynAnalysisRunner has terminated.
Mono: successfully reloaded assembly
- Completed reload, in  0.972 seconds
Platform modules already initialized, skipping
Refreshing native plugins compatible for Editor in 0.35 ms, found 0 plugins.
Preloading 0 native plugins for Editor in 0.00 ms.
Unloading 1209 Unused Serialized files (Serialized files now loaded: 0)
System memory in use before: 65.5 MB.
System memory in use after: 65.6 MB.

Unloading 4 unused Assets to reduce memory usage. Loaded Objects now: 1675.
Total: 1.751041 ms (FindLiveObjects: 0.132779 ms CreateObjectMapping: 0.037205 ms MarkObjects: 1.563649 ms  DeleteObjects: 0.015701 ms)

========================================================================
Received Prepare
Registering precompiled user dll's ...
Registered in 0.000754 seconds.
Begin MonoManager ReloadAssembly
Native extension for WindowsStandalone target not found
Refreshing native plugins compatible for Editor in 0.33 ms, found 0 plugins.
Preloading 0 native plugins for Editor in 0.00 ms.
Invoked RoslynAnalysisRunner static constructor.
RoslynAnalysisRunner will not be running.
RoslynAnalysisRunner has terminated.
Mono: successfully reloaded assembly
- Completed reload, in  1.007 seconds
Platform modules already initialized, skipping
Refreshing native plugins compatible for Editor in 0.38 ms, found 0 plugins.
Preloading 0 native plugins for Editor in 0.00 ms.
Unloading 1209 Unused Serialized files (Serialized files now loaded: 0)
System memory in use before: 65.5 MB.
System memory in use after: 65.6 MB.

Unloading 4 unused Assets to reduce memory usage. Loaded Objects now: 1677.
Total: 1.592663 ms (FindLiveObjects: 0.117077 ms CreateObjectMapping: 0.031403 ms MarkObjects: 1.419607 ms  DeleteObjects: 0.023211 ms)

========================================================================
Received Prepare
Registering precompiled user dll's ...
Registered in 0.000765 seconds.
Begin MonoManager ReloadAssembly
Native extension for WindowsStandalone target not found
Refreshing native plugins compatible for Editor in 0.39 ms, found 0 plugins.
Preloading 0 native plugins for Editor in 0.00 ms.
Invoked RoslynAnalysisRunner static constructor.
RoslynAnalysisRunner will not be running.
RoslynAnalysisRunner has terminated.
Mono: successfully reloaded assembly
- Completed reload, in  0.760 seconds
Platform modules already initialized, skipping
Refreshing native plugins compatible for Editor in 0.34 ms, found 0 plugins.
Preloading 0 native plugins for Editor in 0.00 ms.
Unloading 1209 Unused Serialized files (Serialized files now loaded: 0)
System memory in use before: 65.5 MB.
System memory in use after: 65.6 MB.

Unloading 4 unused Assets to reduce memory usage. Loaded Objects now: 1679.
Total: 1.606999 ms (FindLiveObjects: 0.124245 ms CreateObjectMapping: 0.034133 ms MarkObjects: 1.434284 ms  DeleteObjects: 0.012971 ms)

========================================================================
Received Import Request.
  Time since last request: 3456.832540 seconds.
  path: Assets/Prefabs/Player.prefab
  artifactKey: Guid(fc82fb6876f749b4fba00c0825707e65) Importer(815301076,1909f56bfc062723c751e8b465ee728b)
Start importing Assets/Prefabs/Player.prefab using Guid(fc82fb6876f749b4fba00c0825707e65) Importer(815301076,1909f56bfc062723c751e8b465ee728b)  -> (artifact id: '883c1c57395940fef37310fb21720a9e') in 0.146336 seconds
  Import took 0.149193 seconds .

========================================================================
Received Import Request.
  Time since last request: 35.447863 seconds.
  path: Assets/Prefabs/UI.prefab
  artifactKey: Guid(2768d39ddb160444a821c5f2fa9ae4cc) Importer(815301076,1909f56bfc062723c751e8b465ee728b)
Start importing Assets/Prefabs/UI.prefab using Guid(2768d39ddb160444a821c5f2fa9ae4cc) Importer(815301076,1909f56bfc062723c751e8b465ee728b)  -> (artifact id: '94480176f1586fbc474c9828d5feaefd') in 0.153554 seconds
  Import took 0.195894 seconds .

========================================================================
Received Import Request.
  Time since last request: 0.797197 seconds.
  path: Assets/Prefabs/UI.prefab
  artifactKey: Guid(2768d39ddb160444a821c5f2fa9ae4cc) Importer(815301076,1909f56bfc062723c751e8b465ee728b)
Start importing Assets/Prefabs/UI.prefab using Guid(2768d39ddb160444a821c5f2fa9ae4cc) Importer(815301076,1909f56bfc062723c751e8b465ee728b)  -> (artifact id: '6840166d404bd0a24fcb44b961dbf2d1') in 0.016516 seconds
  Import took 0.019208 seconds .

========================================================================
Received Import Request.
  Time since last request: 30.398835 seconds.
  path: Assets/Prefabs/UI.prefab
  artifactKey: Guid(2768d39ddb160444a821c5f2fa9ae4cc) Importer(815301076,1909f56bfc062723c751e8b465ee728b)
Start importing Assets/Prefabs/UI.prefab using Guid(2768d39ddb160444a821c5f2fa9ae4cc) Importer(815301076,1909f56bfc062723c751e8b465ee728b)  -> (artifact id: '98ceb22ac8de7660842d48f966feb37c') in 0.192159 seconds
  Import took 0.218829 seconds .

========================================================================
Received Import Request.
  Time since last request: 4.403766 seconds.
  path: Assets/Prefabs/UI.prefab
  artifactKey: Guid(2768d39ddb160444a821c5f2fa9ae4cc) Importer(815301076,1909f56bfc062723c751e8b465ee728b)
Start importing Assets/Prefabs/UI.prefab using Guid(2768d39ddb160444a821c5f2fa9ae4cc) Importer(815301076,1909f56bfc062723c751e8b465ee728b)  -> (artifact id: 'a26c88640e896315021f203361fa0e96') in 0.184524 seconds
  Import took 0.200683 seconds .

========================================================================
Received Import Request.
  Time since last request: 5.282911 seconds.
  path: Assets/Prefabs/UI.prefab
  artifactKey: Guid(2768d39ddb160444a821c5f2fa9ae4cc) Importer(815301076,1909f56bfc062723c751e8b465ee728b)
Start importing Assets/Prefabs/UI.prefab using Guid(2768d39ddb160444a821c5f2fa9ae4cc) Importer(815301076,1909f56bfc062723c751e8b465ee728b)  -> (artifact id: '1694ad71bb74cab5abc66edecbbe30b6') in 0.219342 seconds
  Import took 0.223251 seconds .

========================================================================
Received Import Request.
  Time since last request: 2.795063 seconds.
  path: Assets/Prefabs/UI.prefab
  artifactKey: Guid(2768d39ddb160444a821c5f2fa9ae4cc) Importer(815301076,1909f56bfc062723c751e8b465ee728b)
Start importing Assets/Prefabs/UI.prefab using Guid(2768d39ddb160444a821c5f2fa9ae4cc) Importer(815301076,1909f56bfc062723c751e8b465ee728b)  -> (artifact id: '0c5d2f7fdc65f72b41ba1cb551a8b4df') in 0.012158 seconds
  Import took 0.014843 seconds .

========================================================================
Received Prepare
Registering precompiled user dll's ...
Registered in 0.000804 seconds.
Begin MonoManager ReloadAssembly
Native extension for WindowsStandalone target not found
Refreshing native plugins compatible for Editor in 0.33 ms, found 0 plugins.
Preloading 0 native plugins for Editor in 0.00 ms.
Invoked RoslynAnalysisRunner static constructor.
RoslynAnalysisRunner will not be running.
RoslynAnalysisRunner has terminated.
Mono: successfully reloaded assembly
- Completed reload, in  0.774 seconds
Platform modules already initialized, skipping
Refreshing native plugins compatible for Editor in 0.35 ms, found 0 plugins.
Preloading 0 native plugins for Editor in 0.00 ms.
Unloading 1209 Unused Serialized files (Serialized files now loaded: 0)
System memory in use before: 82.6 MB.
System memory in use after: 82.7 MB.

Unloading 7 unused Assets to reduce memory usage. Loaded Objects now: 1689.
Total: 1.431212 ms (FindLiveObjects: 0.117077 ms CreateObjectMapping: 0.031061 ms MarkObjects: 1.258838 ms  DeleteObjects: 0.023552 ms)

========================================================================
Received Import Request.
  Time since last request: 2883.314825 seconds.
  path: Assets/Prefabs/Player.prefab
  artifactKey: Guid(fc82fb6876f749b4fba00c0825707e65) Importer(815301076,1909f56bfc062723c751e8b465ee728b)
Start importing Assets/Prefabs/Player.prefab using Guid(fc82fb6876f749b4fba00c0825707e65) Importer(815301076,1909f56bfc062723c751e8b465ee728b)  -> (artifact id: '5ba72be26d62e62cdd902ffe2b5ab227') in 0.161548 seconds
  Import took 0.165611 seconds .

========================================================================
Received Prepare
Registering precompiled user dll's ...
Registered in 0.000827 seconds.
Begin MonoManager ReloadAssembly
Native extension for WindowsStandalone target not found
Refreshing native plugins compatible for Editor in 0.32 ms, found 0 plugins.
Preloading 0 native plugins for Editor in 0.00 ms.
Invoked RoslynAnalysisRunner static constructor.
RoslynAnalysisRunner will not be running.
RoslynAnalysisRunner has terminated.
Mono: successfully reloaded assembly
- Completed reload, in  0.771 seconds
Platform modules already initialized, skipping
Refreshing native plugins compatible for Editor in 0.41 ms, found 0 plugins.
Preloading 0 native plugins for Editor in 0.00 ms.
Unloading 1209 Unused Serialized files (Serialized files now loaded: 0)
System memory in use before: 82.7 MB.
System memory in use after: 82.8 MB.

Unloading 4 unused Assets to reduce memory usage. Loaded Objects now: 1692.
Total: 1.488897 ms (FindLiveObjects: 0.116736 ms CreateObjectMapping: 0.034133 ms MarkObjects: 1.325057 ms  DeleteObjects: 0.011947 ms)

========================================================================
Received Import Request.
  Time since last request: 160.446933 seconds.
  path: Assets/Prefabs/UI.prefab
  artifactKey: Guid(2768d39ddb160444a821c5f2fa9ae4cc) Importer(815301076,1909f56bfc062723c751e8b465ee728b)
Start importing Assets/Prefabs/UI.prefab using Guid(2768d39ddb160444a821c5f2fa9ae4cc) Importer(815301076,1909f56bfc062723c751e8b465ee728b)  -> (artifact id: '2ee342590c4574569979067bcbb90d36') in 0.102652 seconds
  Import took 0.105824 seconds .

========================================================================
Received Import Request.
  Time since last request: 23.716874 seconds.
  path: Assets/Prefabs/ExitWindow.prefab
  artifactKey: Guid(e580cbebe1b58c24bbbd80fc544bb3fa) Importer(815301076,1909f56bfc062723c751e8b465ee728b)
Start importing Assets/Prefabs/ExitWindow.prefab using Guid(e580cbebe1b58c24bbbd80fc544bb3fa) Importer(815301076,1909f56bfc062723c751e8b465ee728b)  -> (artifact id: '8c50659c2ca64461150558847029c3b5') in 0.157054 seconds
  Import took 0.200053 seconds .

========================================================================
Received Import Request.
  Time since last request: 93.312630 seconds.
  path: Assets/Prefabs/ExitWindow.prefab
  artifactKey: Guid(e580cbebe1b58c24bbbd80fc544bb3fa) Importer(815301076,1909f56bfc062723c751e8b465ee728b)
Start importing Assets/Prefabs/ExitWindow.prefab using Guid(e580cbebe1b58c24bbbd80fc544bb3fa) Importer(815301076,1909f56bfc062723c751e8b465ee728b)  -> (artifact id: 'fde1318a4cb6cec7ece0ebe0ee50c8d3') in 0.112947 seconds
  Import took 0.190975 seconds .

========================================================================
Received Import Request.
  Time since last request: 4.158425 seconds.
  path: Assets/Prefabs/ExitWindow.prefab
  artifactKey: Guid(e580cbebe1b58c24bbbd80fc544bb3fa) Importer(815301076,1909f56bfc062723c751e8b465ee728b)
Start importing Assets/Prefabs/ExitWindow.prefab using Guid(e580cbebe1b58c24bbbd80fc544bb3fa) Importer(815301076,1909f56bfc062723c751e8b465ee728b)  -> (artifact id: 'd1e59bcb82e92e9c712ee4b52e54194f') in 0.194236 seconds
  Import took 0.279192 seconds .

========================================================================
Received Import Request.
  Time since last request: 11.379848 seconds.
  path: Assets/Prefabs/ExitWindow.prefab
  artifactKey: Guid(e580cbebe1b58c24bbbd80fc544bb3fa) Importer(815301076,1909f56bfc062723c751e8b465ee728b)
Start importing Assets/Prefabs/ExitWindow.prefab using Guid(e580cbebe1b58c24bbbd80fc544bb3fa) Importer(815301076,1909f56bfc062723c751e8b465ee728b)  -> (artifact id: '1fea18ad553c878534dcb240e772597d') in 0.113225 seconds
  Import took 0.189504 seconds .

========================================================================
Received Import Request.
  Time since last request: 618.647779 seconds.
  path: Assets/Prefabs/ExitWindow.prefab
  artifactKey: Guid(e580cbebe1b58c24bbbd80fc544bb3fa) Importer(815301076,1909f56bfc062723c751e8b465ee728b)
Start importing Assets/Prefabs/ExitWindow.prefab using Guid(e580cbebe1b58c24bbbd80fc544bb3fa) Importer(815301076,1909f56bfc062723c751e8b465ee728b)  -> (artifact id: '483ac8161b966e946addb1665ed45b21') in 0.010274 seconds
  Import took 0.013922 seconds .

========================================================================
Received Import Request.
  Time since last request: 5.558214 seconds.
  path: Assets/Prefabs/test.prefab
  artifactKey: Guid(e580cbebe1b58c24bbbd80fc544bb3fa) Importer(815301076,1909f56bfc062723c751e8b465ee728b)
Start importing Assets/Prefabs/test.prefab using Guid(e580cbebe1b58c24bbbd80fc544bb3fa) Importer(815301076,1909f56bfc062723c751e8b465ee728b)  -> (artifact id: 'ca2944f38dc42755687bf9e9070b9031') in 0.250837 seconds
  Import took 0.253201 seconds .

========================================================================
Received Import Request.
  Time since last request: 2.515999 seconds.
  path: Assets/Prefabs/ExitWindow.prefab
  artifactKey: Guid(f00a89867490c4e4998a5ec719b99d39) Importer(815301076,1909f56bfc062723c751e8b465ee728b)
Start importing Assets/Prefabs/ExitWindow.prefab using Guid(f00a89867490c4e4998a5ec719b99d39) Importer(815301076,1909f56bfc062723c751e8b465ee728b)  -> (artifact id: 'd38e07004f04de1f2cf4f923aba60038') in 0.008979 seconds
  Import took 0.011195 seconds .

========================================================================
Received Import Request.
  Time since last request: 0.004497 seconds.
  path: Assets/Prefabs/ExitWindow.prefab
  artifactKey: Guid(f00a89867490c4e4998a5ec719b99d39) Importer(815301076,1909f56bfc062723c751e8b465ee728b)
Start importing Assets/Prefabs/ExitWindow.prefab using Guid(f00a89867490c4e4998a5ec719b99d39) Importer(815301076,1909f56bfc062723c751e8b465ee728b)  -> (artifact id: 'd38e07004f04de1f2cf4f923aba60038') in 0.010910 seconds
  Import took 0.013550 seconds .

========================================================================
Received Import Request.
  Time since last request: 0.136650 seconds.
  path: Assets/Prefabs/test.prefab
  artifactKey: Guid(e580cbebe1b58c24bbbd80fc544bb3fa) Importer(815301076,1909f56bfc062723c751e8b465ee728b)
Start importing Assets/Prefabs/test.prefab using Guid(e580cbebe1b58c24bbbd80fc544bb3fa) Importer(815301076,1909f56bfc062723c751e8b465ee728b)  -> (artifact id: '3d8c98bc44cf65fd791c7c1fb29a8efa') in 0.016674 seconds
  Import took 0.019421 seconds .

========================================================================
Received Import Request.
  Time since last request: 30.072979 seconds.
  path: Assets/Prefabs/ExitWindow.prefab
  artifactKey: Guid(f00a89867490c4e4998a5ec719b99d39) Importer(815301076,1909f56bfc062723c751e8b465ee728b)
Start importing Assets/Prefabs/ExitWindow.prefab using Guid(f00a89867490c4e4998a5ec719b99d39) Importer(815301076,1909f56bfc062723c751e8b465ee728b)  -> (artifact id: '5ddfbd279ccc2120c810f1350f8c055d') in 0.169735 seconds
  Import took 0.203973 seconds .

========================================================================
Received Import Request.
  Time since last request: 18.781019 seconds.
  path: Assets/Prefabs/ExitWindow.prefab
  artifactKey: Guid(f00a89867490c4e4998a5ec719b99d39) Importer(815301076,1909f56bfc062723c751e8b465ee728b)
Start importing Assets/Prefabs/ExitWindow.prefab using Guid(f00a89867490c4e4998a5ec719b99d39) Importer(815301076,1909f56bfc062723c751e8b465ee728b)  -> (artifact id: 'b40d2837b52dd2df96b64a228e5047b3') in 0.175717 seconds
  Import took 0.191929 seconds .

========================================================================
Received Import Request.
  Time since last request: 9.024307 seconds.
  path: Assets/Prefabs/ExitWindow.prefab
  artifactKey: Guid(f00a89867490c4e4998a5ec719b99d39) Importer(815301076,1909f56bfc062723c751e8b465ee728b)
Start importing Assets/Prefabs/ExitWindow.prefab using Guid(f00a89867490c4e4998a5ec719b99d39) Importer(815301076,1909f56bfc062723c751e8b465ee728b)  -> (artifact id: '922f4f956bf24a9d9205ffb131e73123') in 0.167756 seconds
  Import took 0.206893 seconds .

========================================================================
Received Prepare
Registering precompiled user dll's ...
Registered in 0.000737 seconds.
Begin MonoManager ReloadAssembly
Native extension for WindowsStandalone target not found
Refreshing native plugins compatible for Editor in 0.32 ms, found 0 plugins.
Preloading 0 native plugins for Editor in 0.00 ms.
Invoked RoslynAnalysisRunner static constructor.
RoslynAnalysisRunner will not be running.
RoslynAnalysisRunner has terminated.
Mono: successfully reloaded assembly
- Completed reload, in  1.030 seconds
Platform modules already initialized, skipping
Refreshing native plugins compatible for Editor in 0.32 ms, found 0 plugins.
Preloading 0 native plugins for Editor in 0.00 ms.
Unloading 1209 Unused Serialized files (Serialized files now loaded: 0)
System memory in use before: 82.7 MB.
System memory in use after: 82.8 MB.

Unloading 5 unused Assets to reduce memory usage. Loaded Objects now: 1694.
Total: 1.511425 ms (FindLiveObjects: 0.151211 ms CreateObjectMapping: 0.039595 ms MarkObjects: 1.298092 ms  DeleteObjects: 0.020821 ms)

========================================================================
Received Prepare
Registering precompiled user dll's ...
Registered in 0.000762 seconds.
Begin MonoManager ReloadAssembly
Native extension for WindowsStandalone target not found
Refreshing native plugins compatible for Editor in 0.32 ms, found 0 plugins.
Preloading 0 native plugins for Editor in 0.00 ms.
Invoked RoslynAnalysisRunner static constructor.
RoslynAnalysisRunner will not be running.
RoslynAnalysisRunner has terminated.
Mono: successfully reloaded assembly
- Completed reload, in  0.777 seconds
Platform modules already initialized, skipping
Refreshing native plugins compatible for Editor in 0.32 ms, found 0 plugins.
Preloading 0 native plugins for Editor in 0.00 ms.
Unloading 1209 Unused Serialized files (Serialized files now loaded: 0)
System memory in use before: 82.7 MB.
System memory in use after: 82.8 MB.

Unloading 4 unused Assets to reduce memory usage. Loaded Objects now: 1696.
Total: 1.647959 ms (FindLiveObjects: 0.127317 ms CreateObjectMapping: 0.037888 ms MarkObjects: 1.468076 ms  DeleteObjects: 0.013653 ms)

========================================================================
Received Import Request.
  Time since last request: 388.324943 seconds.
  path: Assets/Prefabs/UI.prefab
  artifactKey: Guid(2768d39ddb160444a821c5f2fa9ae4cc) Importer(815301076,1909f56bfc062723c751e8b465ee728b)
Start importing Assets/Prefabs/UI.prefab using Guid(2768d39ddb160444a821c5f2fa9ae4cc) Importer(815301076,1909f56bfc062723c751e8b465ee728b)  -> (artifact id: '93a593aa1e737fed29d7c5b567e8af9d') in 0.192008 seconds
  Import took 0.245879 seconds .

========================================================================
Received Import Request.
  Time since last request: 47.842927 seconds.
  path: Assets/Prefabs/UI.prefab
  artifactKey: Guid(2768d39ddb160444a821c5f2fa9ae4cc) Importer(815301076,1909f56bfc062723c751e8b465ee728b)
Start importing Assets/Prefabs/UI.prefab using Guid(2768d39ddb160444a821c5f2fa9ae4cc) Importer(815301076,1909f56bfc062723c751e8b465ee728b)  -> (artifact id: '3ae9f94ccb24243e2391e75fb99bea56') in 0.227302 seconds
  Import took 0.230790 seconds .

========================================================================
Received Import Request.
  Time since last request: 5.449487 seconds.
  path: Assets/Prefabs/UI.prefab
  artifactKey: Guid(2768d39ddb160444a821c5f2fa9ae4cc) Importer(815301076,1909f56bfc062723c751e8b465ee728b)
Start importing Assets/Prefabs/UI.prefab using Guid(2768d39ddb160444a821c5f2fa9ae4cc) Importer(815301076,1909f56bfc062723c751e8b465ee728b)  -> (artifact id: 'aeb56e39758a092e873af9da870e856e') in 0.225113 seconds
  Import took 0.254429 seconds .

========================================================================
Received Prepare
Registering precompiled user dll's ...
Registered in 0.000900 seconds.
Begin MonoManager ReloadAssembly
Native extension for WindowsStandalone target not found
Refreshing native plugins compatible for Editor in 0.37 ms, found 0 plugins.
Preloading 0 native plugins for Editor in 0.00 ms.
Invoked RoslynAnalysisRunner static constructor.
RoslynAnalysisRunner will not be running.
RoslynAnalysisRunner has terminated.
Mono: successfully reloaded assembly
- Completed reload, in  0.909 seconds
Platform modules already initialized, skipping
Refreshing native plugins compatible for Editor in 0.35 ms, found 0 plugins.
Preloading 0 native plugins for Editor in 0.00 ms.
Unloading 1209 Unused Serialized files (Serialized files now loaded: 0)
System memory in use before: 82.7 MB.
System memory in use after: 82.8 MB.

Unloading 5 unused Assets to reduce memory usage. Loaded Objects now: 1698.
Total: 1.492311 ms (FindLiveObjects: 0.192171 ms CreateObjectMapping: 0.039595 ms MarkObjects: 1.240065 ms  DeleteObjects: 0.019115 ms)

========================================================================
Received Import Request.
  Time since last request: 82.270591 seconds.
  path: Assets/Prefabs/ExitWindow.prefab
  artifactKey: Guid(f00a89867490c4e4998a5ec719b99d39) Importer(815301076,1909f56bfc062723c751e8b465ee728b)
Start importing Assets/Prefabs/ExitWindow.prefab using Guid(f00a89867490c4e4998a5ec719b99d39) Importer(815301076,1909f56bfc062723c751e8b465ee728b)  -> (artifact id: '4c804eeda65eee9c8794e641916ad8ed') in 0.258049 seconds
  Import took 0.290542 seconds .

========================================================================
Received Prepare
Registering precompiled user dll's ...
Registered in 0.001225 seconds.
Begin MonoManager ReloadAssembly
Native extension for WindowsStandalone target not found
Refreshing native plugins compatible for Editor in 0.33 ms, found 0 plugins.
Preloading 0 native plugins for Editor in 0.00 ms.
Invoked RoslynAnalysisRunner static constructor.
RoslynAnalysisRunner will not be running.
RoslynAnalysisRunner has terminated.
Mono: successfully reloaded assembly
- Completed reload, in  0.937 seconds
Platform modules already initialized, skipping
Refreshing native plugins compatible for Editor in 0.34 ms, found 0 plugins.
Preloading 0 native plugins for Editor in 0.00 ms.
Unloading 1209 Unused Serialized files (Serialized files now loaded: 0)
System memory in use before: 82.7 MB.
System memory in use after: 82.8 MB.

Unloading 4 unused Assets to reduce memory usage. Loaded Objects now: 1700.
Total: 1.549313 ms (FindLiveObjects: 0.145408 ms CreateObjectMapping: 0.045739 ms MarkObjects: 1.344854 ms  DeleteObjects: 0.012288 ms)

========================================================================
Received Prepare
Registering precompiled user dll's ...
Registered in 0.000748 seconds.
Begin MonoManager ReloadAssembly
Native extension for WindowsStandalone target not found
Refreshing native plugins compatible for Editor in 0.53 ms, found 0 plugins.
Preloading 0 native plugins for Editor in 0.00 ms.
Invoked RoslynAnalysisRunner static constructor.
RoslynAnalysisRunner will not be running.
RoslynAnalysisRunner has terminated.
Mono: successfully reloaded assembly
- Completed reload, in  0.774 seconds
Platform modules already initialized, skipping
Refreshing native plugins compatible for Editor in 0.33 ms, found 0 plugins.
Preloading 0 native plugins for Editor in 0.00 ms.
Unloading 1209 Unused Serialized files (Serialized files now loaded: 0)
System memory in use before: 82.7 MB.
System memory in use after: 82.8 MB.

Unloading 4 unused Assets to reduce memory usage. Loaded Objects now: 1702.
Total: 1.767767 ms (FindLiveObjects: 0.141995 ms CreateObjectMapping: 0.037888 ms MarkObjects: 1.571159 ms  DeleteObjects: 0.015360 ms)

========================================================================
Received Prepare
Registering precompiled user dll's ...
Registered in 0.000729 seconds.
Begin MonoManager ReloadAssembly
Native extension for WindowsStandalone target not found
Refreshing native plugins compatible for Editor in 0.32 ms, found 0 plugins.
Preloading 0 native plugins for Editor in 0.00 ms.
Invoked RoslynAnalysisRunner static constructor.
RoslynAnalysisRunner will not be running.
RoslynAnalysisRunner has terminated.
Mono: successfully reloaded assembly
- Completed reload, in  0.763 seconds
Platform modules already initialized, skipping
Refreshing native plugins compatible for Editor in 0.38 ms, found 0 plugins.
Preloading 0 native plugins for Editor in 0.00 ms.
Unloading 1209 Unused Serialized files (Serialized files now loaded: 0)
System memory in use before: 82.7 MB.
System memory in use after: 82.8 MB.

Unloading 4 unused Assets to reduce memory usage. Loaded Objects now: 1704.
Total: 1.617921 ms (FindLiveObjects: 0.126635 ms CreateObjectMapping: 0.035499 ms MarkObjects: 1.441452 ms  DeleteObjects: 0.013312 ms)

========================================================================
Received Import Request.
  Time since last request: 482.282227 seconds.
  path: Assets/Prefabs/UI.prefab
  artifactKey: Guid(2768d39ddb160444a821c5f2fa9ae4cc) Importer(815301076,1909f56bfc062723c751e8b465ee728b)
Start importing Assets/Prefabs/UI.prefab using Guid(2768d39ddb160444a821c5f2fa9ae4cc) Importer(815301076,1909f56bfc062723c751e8b465ee728b)  -> (artifact id: 'da76c66c2c303e889c0acf3a247de451') in 0.060095 seconds
  Import took 0.063055 seconds .

========================================================================
Received Import Request.
  Time since last request: 2.482182 seconds.
  path: Assets/Prefabs/UI.prefab
  artifactKey: Guid(2768d39ddb160444a821c5f2fa9ae4cc) Importer(815301076,1909f56bfc062723c751e8b465ee728b)
Start importing Assets/Prefabs/UI.prefab using Guid(2768d39ddb160444a821c5f2fa9ae4cc) Importer(815301076,1909f56bfc062723c751e8b465ee728b)  -> (artifact id: 'eeca420d297650a7e47eb9cd9f8a2169') in 0.015192 seconds
  Import took 0.018044 seconds .

========================================================================
Received Prepare
Registering precompiled user dll's ...
Registered in 0.000763 seconds.
Begin MonoManager ReloadAssembly
Native extension for WindowsStandalone target not found
Refreshing native plugins compatible for Editor in 0.33 ms, found 0 plugins.
Preloading 0 native plugins for Editor in 0.00 ms.
Invoked RoslynAnalysisRunner static constructor.
RoslynAnalysisRunner will not be running.
RoslynAnalysisRunner has terminated.
Mono: successfully reloaded assembly
- Completed reload, in  0.776 seconds
Platform modules already initialized, skipping
Refreshing native plugins compatible for Editor in 0.34 ms, found 0 plugins.
Preloading 0 native plugins for Editor in 0.00 ms.
Unloading 1209 Unused Serialized files (Serialized files now loaded: 0)
System memory in use before: 82.7 MB.
System memory in use after: 82.8 MB.

Unloading 5 unused Assets to reduce memory usage. Loaded Objects now: 1706.
Total: 1.520983 ms (FindLiveObjects: 0.115712 ms CreateObjectMapping: 0.032085 ms MarkObjects: 1.353046 ms  DeleteObjects: 0.019115 ms)

========================================================================
Received Import Request.
  Time since last request: 104.148704 seconds.
  path: Assets/Scenes/test.unity
  artifactKey: Guid(a72d93387ef2fd84ebda3cd591d29c08) Importer(815301076,1909f56bfc062723c751e8b465ee728b)
Start importing Assets/Scenes/test.unity using Guid(a72d93387ef2fd84ebda3cd591d29c08) Importer(815301076,1909f56bfc062723c751e8b465ee728b)  -> (artifact id: 'c3b135a3528de5f33154e9b37750eaed') in 0.015344 seconds
  Import took 0.017620 seconds .

========================================================================
Received Import Request.
  Time since last request: 7.141519 seconds.
  path: Assets/Scenes/testSettings.lighting
  artifactKey: Guid(73a5bf57847b4754d986b69c07f089cc) Importer(815301076,1909f56bfc062723c751e8b465ee728b)
Start importing Assets/Scenes/testSettings.lighting using Guid(73a5bf57847b4754d986b69c07f089cc) Importer(815301076,1909f56bfc062723c751e8b465ee728b)  -> (artifact id: '377acb4d320f51dcc5170a29405a6542') in 0.010753 seconds
  Import took 0.013187 seconds .

========================================================================
Received Import Request.
  Time since last request: 0.755627 seconds.
  path: Assets/Scenes/testSettings.lighting
  artifactKey: Guid(73a5bf57847b4754d986b69c07f089cc) Importer(815301076,1909f56bfc062723c751e8b465ee728b)
Start importing Assets/Scenes/testSettings.lighting using Guid(73a5bf57847b4754d986b69c07f089cc) Importer(815301076,1909f56bfc062723c751e8b465ee728b)  -> (artifact id: '377acb4d320f51dcc5170a29405a6542') in 0.003910 seconds
  Import took 0.006822 seconds .

========================================================================
Received Prepare
Registering precompiled user dll's ...
Registered in 0.000735 seconds.
Begin MonoManager ReloadAssembly
Native extension for WindowsStandalone target not found
Refreshing native plugins compatible for Editor in 0.34 ms, found 0 plugins.
Preloading 0 native plugins for Editor in 0.00 ms.
Invoked RoslynAnalysisRunner static constructor.
RoslynAnalysisRunner will not be running.
RoslynAnalysisRunner has terminated.
Mono: successfully reloaded assembly
- Completed reload, in  0.762 seconds
Platform modules already initialized, skipping
Refreshing native plugins compatible for Editor in 0.32 ms, found 0 plugins.
Preloading 0 native plugins for Editor in 0.00 ms.
Unloading 1209 Unused Serialized files (Serialized files now loaded: 0)
System memory in use before: 82.7 MB.
System memory in use after: 82.8 MB.

Unloading 4 unused Assets to reduce memory usage. Loaded Objects now: 1708.
Total: 1.445207 ms (FindLiveObjects: 0.118784 ms CreateObjectMapping: 0.033451 ms MarkObjects: 1.280001 ms  DeleteObjects: 0.011264 ms)

========================================================================
Received Prepare
Registering precompiled user dll's ...
Registered in 0.000793 seconds.
Begin MonoManager ReloadAssembly
Native extension for WindowsStandalone target not found
Refreshing native plugins compatible for Editor in 0.32 ms, found 0 plugins.
Preloading 0 native plugins for Editor in 0.00 ms.
Invoked RoslynAnalysisRunner static constructor.
RoslynAnalysisRunner will not be running.
RoslynAnalysisRunner has terminated.
Mono: successfully reloaded assembly
- Completed reload, in  0.758 seconds
Platform modules already initialized, skipping
Refreshing native plugins compatible for Editor in 0.33 ms, found 0 plugins.
Preloading 0 native plugins for Editor in 0.00 ms.
Unloading 1209 Unused Serialized files (Serialized files now loaded: 0)
System memory in use before: 82.7 MB.
System memory in use after: 82.8 MB.

Unloading 4 unused Assets to reduce memory usage. Loaded Objects now: 1710.
Total: 1.657175 ms (FindLiveObjects: 0.129707 ms CreateObjectMapping: 0.035840 ms MarkObjects: 1.478316 ms  DeleteObjects: 0.011947 ms)

========================================================================
Received Prepare
Registering precompiled user dll's ...
Registered in 0.000815 seconds.
Begin MonoManager ReloadAssembly
Native extension for WindowsStandalone target not found
Refreshing native plugins compatible for Editor in 0.35 ms, found 0 plugins.
Preloading 0 native plugins for Editor in 0.00 ms.
Invoked RoslynAnalysisRunner static constructor.
RoslynAnalysisRunner will not be running.
RoslynAnalysisRunner has terminated.
Mono: successfully reloaded assembly
- Completed reload, in  1.033 seconds
Platform modules already initialized, skipping
Refreshing native plugins compatible for Editor in 0.32 ms, found 0 plugins.
Preloading 0 native plugins for Editor in 0.00 ms.
Unloading 1209 Unused Serialized files (Serialized files now loaded: 0)
System memory in use before: 82.8 MB.
System memory in use after: 82.9 MB.

Unloading 4 unused Assets to reduce memory usage. Loaded Objects now: 1712.
Total: 1.359190 ms (FindLiveObjects: 0.122197 ms CreateObjectMapping: 0.032427 ms MarkObjects: 1.192278 ms  DeleteObjects: 0.011264 ms)

========================================================================
Received Prepare
Registering precompiled user dll's ...
Registered in 0.000860 seconds.
Begin MonoManager ReloadAssembly
Native extension for WindowsStandalone target not found
Refreshing native plugins compatible for Editor in 0.41 ms, found 0 plugins.
Preloading 0 native plugins for Editor in 0.00 ms.
Invoked RoslynAnalysisRunner static constructor.
RoslynAnalysisRunner will not be running.
RoslynAnalysisRunner has terminated.
Mono: successfully reloaded assembly
- Completed reload, in  0.990 seconds
Platform modules already initialized, skipping
Refreshing native plugins compatible for Editor in 0.62 ms, found 0 plugins.
Preloading 0 native plugins for Editor in 0.00 ms.
Unloading 1209 Unused Serialized files (Serialized files now loaded: 0)
System memory in use before: 82.8 MB.
System memory in use after: 82.9 MB.

Unloading 4 unused Assets to reduce memory usage. Loaded Objects now: 1714.
Total: 1.999532 ms (FindLiveObjects: 0.134144 ms CreateObjectMapping: 0.039253 ms MarkObjects: 1.809751 ms  DeleteObjects: 0.015360 ms)

========================================================================
Received Prepare
Registering precompiled user dll's ...
Registered in 0.000791 seconds.
Begin MonoManager ReloadAssembly
Native extension for WindowsStandalone target not found
Refreshing native plugins compatible for Editor in 0.34 ms, found 0 plugins.
Preloading 0 native plugins for Editor in 0.00 ms.
Invoked RoslynAnalysisRunner static constructor.
RoslynAnalysisRunner will not be running.
RoslynAnalysisRunner has terminated.
Mono: successfully reloaded assembly
- Completed reload, in  0.961 seconds
Platform modules already initialized, skipping
Refreshing native plugins compatible for Editor in 0.33 ms, found 0 plugins.
Preloading 0 native plugins for Editor in 0.00 ms.
Unloading 1209 Unused Serialized files (Serialized files now loaded: 0)
System memory in use before: 82.8 MB.
System memory in use after: 82.9 MB.

Unloading 4 unused Assets to reduce memory usage. Loaded Objects now: 1716.
Total: 1.445548 ms (FindLiveObjects: 0.132437 ms CreateObjectMapping: 0.036523 ms MarkObjects: 1.261910 ms  DeleteObjects: 0.013995 ms)

========================================================================
Received Prepare
Registering precompiled user dll's ...
Registered in 0.000756 seconds.
Begin MonoManager ReloadAssembly
Native extension for WindowsStandalone target not found
Refreshing native plugins compatible for Editor in 0.32 ms, found 0 plugins.
Preloading 0 native plugins for Editor in 0.00 ms.
Invoked RoslynAnalysisRunner static constructor.
RoslynAnalysisRunner will not be running.
RoslynAnalysisRunner has terminated.
Mono: successfully reloaded assembly
- Completed reload, in  0.781 seconds
Platform modules already initialized, skipping
Refreshing native plugins compatible for Editor in 0.35 ms, found 0 plugins.
Preloading 0 native plugins for Editor in 0.00 ms.
Unloading 1209 Unused Serialized files (Serialized files now loaded: 0)
System memory in use before: 82.8 MB.
System memory in use after: 82.9 MB.

Unloading 4 unused Assets to reduce memory usage. Loaded Objects now: 1718.
Total: 1.677655 ms (FindLiveObjects: 0.147456 ms CreateObjectMapping: 0.038912 ms MarkObjects: 1.474220 ms  DeleteObjects: 0.015019 ms)

========================================================================
Received Import Request.
  Time since last request: 3190.634805 seconds.
  path: Assets/Prefabs/UI.prefab
  artifactKey: Guid(2768d39ddb160444a821c5f2fa9ae4cc) Importer(815301076,1909f56bfc062723c751e8b465ee728b)
Start importing Assets/Prefabs/UI.prefab using Guid(2768d39ddb160444a821c5f2fa9ae4cc) Importer(815301076,1909f56bfc062723c751e8b465ee728b)  -> (artifact id: '0ce044db9aed3702ac48ccffd4c09f8d') in 0.054223 seconds
  Import took 0.057191 seconds .

========================================================================
Received Import Request.
  Time since last request: 0.000325 seconds.
  path: Assets/Prefabs/Player.prefab
  artifactKey: Guid(fc82fb6876f749b4fba00c0825707e65) Importer(815301076,1909f56bfc062723c751e8b465ee728b)
Start importing Assets/Prefabs/Player.prefab using Guid(fc82fb6876f749b4fba00c0825707e65) Importer(815301076,1909f56bfc062723c751e8b465ee728b)  -> (artifact id: 'b2bf917c3d52e550858d1f360047e296') in 0.080921 seconds
  Import took 0.083846 seconds .

========================================================================
Received Prepare
Registering precompiled user dll's ...
Registered in 0.000745 seconds.
Begin MonoManager ReloadAssembly
Native extension for WindowsStandalone target not found
Refreshing native plugins compatible for Editor in 0.33 ms, found 0 plugins.
Preloading 0 native plugins for Editor in 0.00 ms.
Invoked RoslynAnalysisRunner static constructor.
RoslynAnalysisRunner will not be running.
RoslynAnalysisRunner has terminated.
Mono: successfully reloaded assembly
- Completed reload, in  0.767 seconds
Platform modules already initialized, skipping
Refreshing native plugins compatible for Editor in 0.34 ms, found 0 plugins.
Preloading 0 native plugins for Editor in 0.00 ms.
Unloading 1209 Unused Serialized files (Serialized files now loaded: 0)
System memory in use before: 82.9 MB.
System memory in use after: 83.0 MB.

Unloading 5 unused Assets to reduce memory usage. Loaded Objects now: 1721.
Total: 1.530881 ms (FindLiveObjects: 0.126293 ms CreateObjectMapping: 0.036523 ms MarkObjects: 1.347926 ms  DeleteObjects: 0.019456 ms)

========================================================================
Received Import Request.
  Time since last request: 102.934152 seconds.
  path: Assets/Prefabs/Player.prefab
  artifactKey: Guid(fc82fb6876f749b4fba00c0825707e65) Importer(815301076,1909f56bfc062723c751e8b465ee728b)
Start importing Assets/Prefabs/Player.prefab using Guid(fc82fb6876f749b4fba00c0825707e65) Importer(815301076,1909f56bfc062723c751e8b465ee728b)  -> (artifact id: '5f9426211f8dc8401ffd185445322efd') in 0.089420 seconds
  Import took 0.092380 seconds .

========================================================================
Received Import Request.
  Time since last request: 0.000193 seconds.
  path: Assets/Prefabs/Enemy.prefab
  artifactKey: Guid(c1a31fb261c5bb449a3d89451dfe7a7f) Importer(815301076,1909f56bfc062723c751e8b465ee728b)
Start importing Assets/Prefabs/Enemy.prefab using Guid(c1a31fb261c5bb449a3d89451dfe7a7f) Importer(815301076,1909f56bfc062723c751e8b465ee728b)  -> (artifact id: '06a7cc3dc79430af05a631dc5ba54ef8') in 0.089287 seconds
  Import took 0.091985 seconds .

========================================================================
Received Prepare
Registering precompiled user dll's ...
Registered in 0.000823 seconds.
Begin MonoManager ReloadAssembly
Native extension for WindowsStandalone target not found
Refreshing native plugins compatible for Editor in 0.32 ms, found 0 plugins.
Preloading 0 native plugins for Editor in 0.00 ms.
Invoked RoslynAnalysisRunner static constructor.
RoslynAnalysisRunner will not be running.
RoslynAnalysisRunner has terminated.
Mono: successfully reloaded assembly
- Completed reload, in  0.762 seconds
Platform modules already initialized, skipping
Refreshing native plugins compatible for Editor in 0.33 ms, found 0 plugins.
Preloading 0 native plugins for Editor in 0.00 ms.
Unloading 1209 Unused Serialized files (Serialized files now loaded: 0)
System memory in use before: 83.0 MB.
System memory in use after: 83.1 MB.

Unloading 5 unused Assets to reduce memory usage. Loaded Objects now: 1724.
Total: 1.455447 ms (FindLiveObjects: 0.157355 ms CreateObjectMapping: 0.033792 ms MarkObjects: 1.245868 ms  DeleteObjects: 0.017067 ms)

========================================================================
Received Import Request.
  Time since last request: 242.670696 seconds.
  path: Assets/Prefabs/Player.prefab
  artifactKey: Guid(fc82fb6876f749b4fba00c0825707e65) Importer(815301076,1909f56bfc062723c751e8b465ee728b)
Start importing Assets/Prefabs/Player.prefab using Guid(fc82fb6876f749b4fba00c0825707e65) Importer(815301076,1909f56bfc062723c751e8b465ee728b)  -> (artifact id: 'ddf84c343dc883abde1b53091f8f91da') in 0.096583 seconds
  Import took 0.099637 seconds .

========================================================================
Received Prepare
Registering precompiled user dll's ...
Registered in 0.000785 seconds.
Begin MonoManager ReloadAssembly
Native extension for WindowsStandalone target not found
Refreshing native plugins compatible for Editor in 0.36 ms, found 0 plugins.
Preloading 0 native plugins for Editor in 0.00 ms.
Invoked RoslynAnalysisRunner static constructor.
RoslynAnalysisRunner will not be running.
RoslynAnalysisRunner has terminated.
Mono: successfully reloaded assembly
- Completed reload, in  0.779 seconds
Platform modules already initialized, skipping
Refreshing native plugins compatible for Editor in 0.41 ms, found 0 plugins.
Preloading 0 native plugins for Editor in 0.00 ms.
Unloading 1209 Unused Serialized files (Serialized files now loaded: 0)
System memory in use before: 83.0 MB.
System memory in use after: 83.1 MB.

Unloading 4 unused Assets to reduce memory usage. Loaded Objects now: 1727.
Total: 1.695404 ms (FindLiveObjects: 0.148139 ms CreateObjectMapping: 0.045056 ms MarkObjects: 1.487873 ms  DeleteObjects: 0.013312 ms)

========================================================================
Received Prepare
Registering precompiled user dll's ...
Registered in 0.000735 seconds.
Begin MonoManager ReloadAssembly
Native extension for WindowsStandalone target not found
Refreshing native plugins compatible for Editor in 0.33 ms, found 0 plugins.
Preloading 0 native plugins for Editor in 0.00 ms.
Invoked RoslynAnalysisRunner static constructor.
RoslynAnalysisRunner will not be running.
RoslynAnalysisRunner has terminated.
Mono: successfully reloaded assembly
- Completed reload, in  0.773 seconds
Platform modules already initialized, skipping
Refreshing native plugins compatible for Editor in 0.32 ms, found 0 plugins.
Preloading 0 native plugins for Editor in 0.00 ms.
Unloading 1209 Unused Serialized files (Serialized files now loaded: 0)
System memory in use before: 83.0 MB.
System memory in use after: 83.1 MB.

Unloading 4 unused Assets to reduce memory usage. Loaded Objects now: 1729.
Total: 1.665708 ms (FindLiveObjects: 0.134144 ms CreateObjectMapping: 0.037888 ms MarkObjects: 1.480364 ms  DeleteObjects: 0.012629 ms)

========================================================================
Received Prepare
Registering precompiled user dll's ...
Registered in 0.000759 seconds.
Begin MonoManager ReloadAssembly
Native extension for WindowsStandalone target not found
Refreshing native plugins compatible for Editor in 0.33 ms, found 0 plugins.
Preloading 0 native plugins for Editor in 0.00 ms.
Invoked RoslynAnalysisRunner static constructor.
RoslynAnalysisRunner will not be running.
RoslynAnalysisRunner has terminated.
Mono: successfully reloaded assembly
- Completed reload, in  1.025 seconds
Platform modules already initialized, skipping
Refreshing native plugins compatible for Editor in 0.36 ms, found 0 plugins.
Preloading 0 native plugins for Editor in 0.00 ms.
Unloading 1209 Unused Serialized files (Serialized files now loaded: 0)
System memory in use before: 83.0 MB.
System memory in use after: 83.1 MB.

Unloading 4 unused Assets to reduce memory usage. Loaded Objects now: 1731.
Total: 1.453740 ms (FindLiveObjects: 0.125952 ms CreateObjectMapping: 0.036181 ms MarkObjects: 1.277953 ms  DeleteObjects: 0.012971 ms)

========================================================================
Received Prepare
Registering precompiled user dll's ...
Registered in 0.000727 seconds.
Begin MonoManager ReloadAssembly
Native extension for WindowsStandalone target not found
Refreshing native plugins compatible for Editor in 0.36 ms, found 0 plugins.
Preloading 0 native plugins for Editor in 0.00 ms.
Invoked RoslynAnalysisRunner static constructor.
RoslynAnalysisRunner will not be running.
RoslynAnalysisRunner has terminated.
Mono: successfully reloaded assembly
- Completed reload, in  0.761 seconds
Platform modules already initialized, skipping
Refreshing native plugins compatible for Editor in 0.32 ms, found 0 plugins.
Preloading 0 native plugins for Editor in 0.00 ms.
Unloading 1209 Unused Serialized files (Serialized files now loaded: 0)
System memory in use before: 83.0 MB.
System memory in use after: 83.1 MB.

Unloading 4 unused Assets to reduce memory usage. Loaded Objects now: 1733.
Total: 1.612801 ms (FindLiveObjects: 0.155648 ms CreateObjectMapping: 0.046763 ms MarkObjects: 1.395372 ms  DeleteObjects: 0.013995 ms)

========================================================================
Received Prepare
Registering precompiled user dll's ...
Registered in 0.000707 seconds.
Begin MonoManager ReloadAssembly
Native extension for WindowsStandalone target not found
Refreshing native plugins compatible for Editor in 0.32 ms, found 0 plugins.
Preloading 0 native plugins for Editor in 0.00 ms.
Invoked RoslynAnalysisRunner static constructor.
RoslynAnalysisRunner will not be running.
RoslynAnalysisRunner has terminated.
Mono: successfully reloaded assembly
- Completed reload, in  0.757 seconds
Platform modules already initialized, skipping
Refreshing native plugins compatible for Editor in 0.32 ms, found 0 plugins.
Preloading 0 native plugins for Editor in 0.00 ms.
Unloading 1209 Unused Serialized files (Serialized files now loaded: 0)
System memory in use before: 83.0 MB.
System memory in use after: 83.1 MB.

Unloading 4 unused Assets to reduce memory usage. Loaded Objects now: 1735.
Total: 1.415511 ms (FindLiveObjects: 0.124928 ms CreateObjectMapping: 0.034816 ms MarkObjects: 1.243820 ms  DeleteObjects: 0.010923 ms)

========================================================================
Received Prepare
Registering precompiled user dll's ...
Registered in 0.000797 seconds.
Begin MonoManager ReloadAssembly
Native extension for WindowsStandalone target not found
Refreshing native plugins compatible for Editor in 0.32 ms, found 0 plugins.
Preloading 0 native plugins for Editor in 0.00 ms.
Invoked RoslynAnalysisRunner static constructor.
RoslynAnalysisRunner will not be running.
RoslynAnalysisRunner has terminated.
Mono: successfully reloaded assembly
- Completed reload, in  0.993 seconds
Platform modules already initialized, skipping
Refreshing native plugins compatible for Editor in 0.38 ms, found 0 plugins.
Preloading 0 native plugins for Editor in 0.00 ms.
Unloading 1209 Unused Serialized files (Serialized files now loaded: 0)
System memory in use before: 83.0 MB.
System memory in use after: 83.1 MB.

Unloading 4 unused Assets to reduce memory usage. Loaded Objects now: 1737.
Total: 1.617921 ms (FindLiveObjects: 0.139605 ms CreateObjectMapping: 0.041643 ms MarkObjects: 1.422337 ms  DeleteObjects: 0.013312 ms)

========================================================================
Received Prepare
Registering precompiled user dll's ...
Registered in 0.000817 seconds.
Begin MonoManager ReloadAssembly
Native extension for WindowsStandalone target not found
Refreshing native plugins compatible for Editor in 0.33 ms, found 0 plugins.
Preloading 0 native plugins for Editor in 0.00 ms.
Invoked RoslynAnalysisRunner static constructor.
RoslynAnalysisRunner will not be running.
RoslynAnalysisRunner has terminated.
Mono: successfully reloaded assembly
- Completed reload, in  0.767 seconds
Platform modules already initialized, skipping
Refreshing native plugins compatible for Editor in 0.32 ms, found 0 plugins.
Preloading 0 native plugins for Editor in 0.00 ms.
Unloading 1209 Unused Serialized files (Serialized files now loaded: 0)
System memory in use before: 83.0 MB.
System memory in use after: 83.1 MB.

Unloading 4 unused Assets to reduce memory usage. Loaded Objects now: 1739.
Total: 1.623724 ms (FindLiveObjects: 0.127659 ms CreateObjectMapping: 0.035499 ms MarkObjects: 1.446913 ms  DeleteObjects: 0.012971 ms)

========================================================================
Received Prepare
Registering precompiled user dll's ...
Registered in 0.000824 seconds.
Begin MonoManager ReloadAssembly
Native extension for WindowsStandalone target not found
Refreshing native plugins compatible for Editor in 0.35 ms, found 0 plugins.
Preloading 0 native plugins for Editor in 0.00 ms.
Invoked RoslynAnalysisRunner static constructor.
RoslynAnalysisRunner will not be running.
RoslynAnalysisRunner has terminated.
Mono: successfully reloaded assembly
- Completed reload, in  0.762 seconds
Platform modules already initialized, skipping
Refreshing native plugins compatible for Editor in 0.34 ms, found 0 plugins.
Preloading 0 native plugins for Editor in 0.00 ms.
Unloading 1209 Unused Serialized files (Serialized files now loaded: 0)
System memory in use before: 83.0 MB.
System memory in use after: 83.1 MB.

Unloading 4 unused Assets to reduce memory usage. Loaded Objects now: 1741.
Total: 1.590956 ms (FindLiveObjects: 0.137216 ms CreateObjectMapping: 0.037205 ms MarkObjects: 1.402540 ms  DeleteObjects: 0.012971 ms)

========================================================================
Received Prepare
Registering precompiled user dll's ...
Registered in 0.000838 seconds.
Begin MonoManager ReloadAssembly
Native extension for WindowsStandalone target not found
Refreshing native plugins compatible for Editor in 0.35 ms, found 0 plugins.
Preloading 0 native plugins for Editor in 0.00 ms.
Invoked RoslynAnalysisRunner static constructor.
RoslynAnalysisRunner will not be running.
RoslynAnalysisRunner has terminated.
Mono: successfully reloaded assembly
- Completed reload, in  1.403 seconds
Platform modules already initialized, skipping
Refreshing native plugins compatible for Editor in 0.39 ms, found 0 plugins.
Preloading 0 native plugins for Editor in 0.00 ms.
Unloading 1209 Unused Serialized files (Serialized files now loaded: 0)
System memory in use before: 83.0 MB.
System memory in use after: 83.1 MB.

Unloading 4 unused Assets to reduce memory usage. Loaded Objects now: 1743.
Total: 1.835692 ms (FindLiveObjects: 0.146091 ms CreateObjectMapping: 0.038912 ms MarkObjects: 1.631233 ms  DeleteObjects: 0.017408 ms)

========================================================================
Received Prepare
Registering precompiled user dll's ...
Registered in 0.001168 seconds.
Begin MonoManager ReloadAssembly
Native extension for WindowsStandalone target not found
Refreshing native plugins compatible for Editor in 0.33 ms, found 0 plugins.
Preloading 0 native plugins for Editor in 0.00 ms.
Invoked RoslynAnalysisRunner static constructor.
RoslynAnalysisRunner will not be running.
RoslynAnalysisRunner has terminated.
Mono: successfully reloaded assembly
- Completed reload, in  1.057 seconds
Platform modules already initialized, skipping
Refreshing native plugins compatible for Editor in 0.33 ms, found 0 plugins.
Preloading 0 native plugins for Editor in 0.00 ms.
Unloading 1210 Unused Serialized files (Serialized files now loaded: 0)
System memory in use before: 83.1 MB.
System memory in use after: 83.2 MB.

Unloading 5 unused Assets to reduce memory usage. Loaded Objects now: 1745.
Total: 1.730903 ms (FindLiveObjects: 0.146432 ms CreateObjectMapping: 0.044032 ms MarkObjects: 1.523713 ms  DeleteObjects: 0.015701 ms)

========================================================================
Received Prepare
Registering precompiled user dll's ...
Registered in 0.001111 seconds.
Begin MonoManager ReloadAssembly
Native extension for WindowsStandalone target not found
Refreshing native plugins compatible for Editor in 0.33 ms, found 0 plugins.
Preloading 0 native plugins for Editor in 0.00 ms.
Invoked RoslynAnalysisRunner static constructor.
RoslynAnalysisRunner will not be running.
RoslynAnalysisRunner has terminated.
Mono: successfully reloaded assembly
- Completed reload, in  0.769 seconds
Platform modules already initialized, skipping
Refreshing native plugins compatible for Editor in 0.33 ms, found 0 plugins.
Preloading 0 native plugins for Editor in 0.00 ms.
Unloading 1210 Unused Serialized files (Serialized files now loaded: 0)
System memory in use before: 83.1 MB.
System memory in use after: 83.2 MB.

Unloading 5 unused Assets to reduce memory usage. Loaded Objects now: 1747.
Total: 1.563308 ms (FindLiveObjects: 0.140629 ms CreateObjectMapping: 0.039595 ms MarkObjects: 1.367383 ms  DeleteObjects: 0.013653 ms)

========================================================================
Received Prepare
Registering precompiled user dll's ...
Registered in 0.001112 seconds.
Begin MonoManager ReloadAssembly
Native extension for WindowsStandalone target not found
Refreshing native plugins compatible for Editor in 0.33 ms, found 0 plugins.
Preloading 0 native plugins for Editor in 0.00 ms.
Invoked RoslynAnalysisRunner static constructor.
RoslynAnalysisRunner will not be running.
RoslynAnalysisRunner has terminated.
Mono: successfully reloaded assembly
- Completed reload, in  0.781 seconds
Platform modules already initialized, skipping
Refreshing native plugins compatible for Editor in 0.39 ms, found 0 plugins.
Preloading 0 native plugins for Editor in 0.00 ms.
Unloading 1210 Unused Serialized files (Serialized files now loaded: 0)
System memory in use before: 83.1 MB.
System memory in use after: 83.2 MB.

Unloading 5 unused Assets to reduce memory usage. Loaded Objects now: 1749.
Total: 1.615532 ms (FindLiveObjects: 0.135851 ms CreateObjectMapping: 0.036523 ms MarkObjects: 1.428140 ms  DeleteObjects: 0.013312 ms)

========================================================================
Received Prepare
Registering precompiled user dll's ...
Registered in 0.001143 seconds.
Begin MonoManager ReloadAssembly
Native extension for WindowsStandalone target not found
Refreshing native plugins compatible for Editor in 0.37 ms, found 0 plugins.
Preloading 0 native plugins for Editor in 0.00 ms.
Invoked RoslynAnalysisRunner static constructor.
RoslynAnalysisRunner will not be running.
RoslynAnalysisRunner has terminated.
Mono: successfully reloaded assembly
- Completed reload, in  1.032 seconds
Platform modules already initialized, skipping
Refreshing native plugins compatible for Editor in 0.37 ms, found 0 plugins.
Preloading 0 native plugins for Editor in 0.00 ms.
Unloading 1210 Unused Serialized files (Serialized files now loaded: 0)
System memory in use before: 83.1 MB.
System memory in use after: 83.2 MB.

Unloading 5 unused Assets to reduce memory usage. Loaded Objects now: 1751.
Total: 1.754455 ms (FindLiveObjects: 0.144725 ms CreateObjectMapping: 0.038912 ms MarkObjects: 1.549313 ms  DeleteObjects: 0.020139 ms)

========================================================================
Received Prepare
Registering precompiled user dll's ...
Registered in 0.001187 seconds.
Begin MonoManager ReloadAssembly
Native extension for WindowsStandalone target not found
Refreshing native plugins compatible for Editor in 0.33 ms, found 0 plugins.
Preloading 0 native plugins for Editor in 0.00 ms.
Invoked RoslynAnalysisRunner static constructor.
RoslynAnalysisRunner will not be running.
RoslynAnalysisRunner has terminated.
Mono: successfully reloaded assembly
- Completed reload, in  1.053 seconds
Platform modules already initialized, skipping
Refreshing native plugins compatible for Editor in 0.34 ms, found 0 plugins.
Preloading 0 native plugins for Editor in 0.00 ms.
Unloading 1210 Unused Serialized files (Serialized files now loaded: 0)
System memory in use before: 83.1 MB.
System memory in use after: 83.2 MB.

Unloading 5 unused Assets to reduce memory usage. Loaded Objects now: 1753.
Total: 1.581740 ms (FindLiveObjects: 0.135851 ms CreateObjectMapping: 0.036864 ms MarkObjects: 1.394007 ms  DeleteObjects: 0.014336 ms)

AssetImportWorkerClient::OnTransportError - code=2 error=End of file
