Using pre-set license
Built from '2020.2/staging' branch; Version is '2020.2.5f1 (e2c53f129de5) revision 14861631'; Using compiler version '192528614'; Build Type 'Release'
OS: 'Windows 10 Home; OS build 17134.1304; Version 1803; 64bit' Language: 'ko' Physical Memory: 16322 MB
BatchMode: 1, IsHumanControllingUs: 0, StartBugReporterOnCrash: 0, Is64bit: 1, IsPro: 0

 COMMAND LINE ARGUMENTS:
C:\Program Files\Unity\Hub\Editor\2020.2.5f1\Editor\Unity.exe
-adb2
-batchMode
-noUpm
-name
AssetImportWorker0
-projectPath
D:/GitHub/Jisu/제출/ProjectG
-logFile
Logs/AssetImportWorker0.log
-srvPort
62982
Successfully changed project path to: D:/GitHub/Jisu/제출/ProjectG
D:/GitHub/Jisu/제출/ProjectG
Using Asset Import Pipeline V2.
Refreshing native plugins compatible for Editor in 37.37 ms, found 0 plugins.
Preloading 0 native plugins for Editor in 0.00 ms.
Initialize engine version: 2020.2.5f1 (e2c53f129de5)
[Subsystems] Discovering subsystems at path C:/Program Files/Unity/Hub/Editor/2020.2.5f1/Editor/Data/Resources/UnitySubsystems
[Subsystems] Discovering subsystems at path D:/GitHub/Jisu/제출/ProjectG/Assets
GfxDevice: creating device client; threaded=0
Direct3D:
    Version:  Direct3D 11.0 [level 11.1]
    Renderer: NVIDIA GeForce GTX 1060 3GB (ID=0x1c02)
    Vendor:   
    VRAM:     2988 MB
    Driver:   27.21.14.6079
Initialize mono
Mono path[0] = 'C:/Program Files/Unity/Hub/Editor/2020.2.5f1/Editor/Data/Managed'
Mono path[1] = 'C:/Program Files/Unity/Hub/Editor/2020.2.5f1/Editor/Data/MonoBleedingEdge/lib/mono/unityjit'
Mono config path = 'C:/Program Files/Unity/Hub/Editor/2020.2.5f1/Editor/Data/MonoBleedingEdge/etc'
Using monoOptions --debugger-agent=transport=dt_socket,embedding=1,server=y,suspend=n,address=127.0.0.1:56228
Begin MonoManager ReloadAssembly
Registering precompiled unity dll's ...
Register platform support module: C:/Program Files/Unity/Hub/Editor/2020.2.5f1/Editor/Data/PlaybackEngines/WindowsStandaloneSupport/UnityEditor.WindowsStandalone.Extensions.dll
Registered in 0.002353 seconds.
Native extension for WindowsStandalone target not found
Refreshing native plugins compatible for Editor in 39.61 ms, found 0 plugins.
Preloading 0 native plugins for Editor in 0.00 ms.
Invoked RoslynAnalysisRunner static constructor.
RoslynAnalysisRunner will not be running.
RoslynAnalysisRunner has terminated.
Mono: successfully reloaded assembly
- Completed reload, in  1.368 seconds
Platform modules already initialized, skipping
Registering precompiled user dll's ...
Registered in 0.001277 seconds.
Begin MonoManager ReloadAssembly
Native extension for WindowsStandalone target not found
Refreshing native plugins compatible for Editor in 0.32 ms, found 0 plugins.
Preloading 0 native plugins for Editor in 0.00 ms.
Invoked RoslynAnalysisRunner static constructor.
RoslynAnalysisRunner will not be running.
RoslynAnalysisRunner has terminated.
Mono: successfully reloaded assembly
- Completed reload, in  0.857 seconds
Platform modules already initialized, skipping
========================================================================
Worker process is ready to serve import requests
Launched and connected shader compiler UnityShaderCompiler.exe after 0.04 seconds
Refreshing native plugins compatible for Editor in 0.32 ms, found 0 plugins.
Preloading 0 native plugins for Editor in 0.00 ms.
Unloading 1216 Unused Serialized files (Serialized files now loaded: 0)
System memory in use before: 65.5 MB.
System memory in use after: 65.6 MB.

Unloading 10 unused Assets to reduce memory usage. Loaded Objects now: 1660.
Total: 1.488897 ms (FindLiveObjects: 0.123221 ms CreateObjectMapping: 0.042667 ms MarkObjects: 1.266006 ms  DeleteObjects: 0.056320 ms)

========================================================================
Received Import Request.
  path: Assets/Prefabs/tmp.prefab
  artifactKey: Guid(6ae67f19377f6f64fb7313408658b859) Importer(815301076,1909f56bfc062723c751e8b465ee728b)
Start importing Assets/Prefabs/tmp.prefab using Guid(6ae67f19377f6f64fb7313408658b859) Importer(815301076,1909f56bfc062723c751e8b465ee728b)  -> (artifact id: 'ddccd10acab19f9011d6ae0bfffc9111') in 0.062502 seconds
  Import took 0.064798 seconds .

========================================================================
Received Import Request.
  Time since last request: 3.224253 seconds.
  path: Assets/Prefabs/tmp.prefab
  artifactKey: Guid(6ae67f19377f6f64fb7313408658b859) Importer(815301076,1909f56bfc062723c751e8b465ee728b)
Start importing Assets/Prefabs/tmp.prefab using Guid(6ae67f19377f6f64fb7313408658b859) Importer(815301076,1909f56bfc062723c751e8b465ee728b)  -> (artifact id: 'ddccd10acab19f9011d6ae0bfffc9111') in 0.005465 seconds
  Import took 0.007907 seconds .

========================================================================
Received Import Request.
  Time since last request: 0.101516 seconds.
  path: Assets/Prefabs/tmp.prefab
  artifactKey: Guid(6ae67f19377f6f64fb7313408658b859) Importer(815301076,1909f56bfc062723c751e8b465ee728b)
Start importing Assets/Prefabs/tmp.prefab using Guid(6ae67f19377f6f64fb7313408658b859) Importer(815301076,1909f56bfc062723c751e8b465ee728b)  -> (artifact id: 'b45bff02a6439bd669a176f8cfc4a0ee') in 0.011972 seconds
  Import took 0.014564 seconds .

========================================================================
Received Import Request.
  Time since last request: 7.286493 seconds.
  path: Assets/Prefabs/tmp.prefab
  artifactKey: Guid(6ae67f19377f6f64fb7313408658b859) Importer(815301076,1909f56bfc062723c751e8b465ee728b)
Start importing Assets/Prefabs/tmp.prefab using Guid(6ae67f19377f6f64fb7313408658b859) Importer(815301076,1909f56bfc062723c751e8b465ee728b)  -> (artifact id: '90f45297b79988ae94cb88abb00ba61f') in 0.090735 seconds
  Import took 0.160013 seconds .

========================================================================
Received Import Request.
  Time since last request: 14.155936 seconds.
  path: Assets/Import/UltraMare/Fantastic UI Starter Pack/Fantastic UI Starter Pack - User Manual.pdf
  artifactKey: Guid(d60a686460a27214ca35c53f0ed92445) Importer(815301076,1909f56bfc062723c751e8b465ee728b)
Start importing Assets/Import/UltraMare/Fantastic UI Starter Pack/Fantastic UI Starter Pack - User Manual.pdf using Guid(d60a686460a27214ca35c53f0ed92445) Importer(815301076,1909f56bfc062723c751e8b465ee728b)  -> (artifact id: '392db8d3abd73709ce2af919ffa849f2') in 0.016772 seconds
  Import took 0.018768 seconds .

========================================================================
Received Import Request.
  Time since last request: 159.306821 seconds.
  path: Assets/Prefabs/tmp.prefab
  artifactKey: Guid(6ae67f19377f6f64fb7313408658b859) Importer(815301076,1909f56bfc062723c751e8b465ee728b)
Start importing Assets/Prefabs/tmp.prefab using Guid(6ae67f19377f6f64fb7313408658b859) Importer(815301076,1909f56bfc062723c751e8b465ee728b)  -> (artifact id: '4612d43e802074775ae75e5d5283cf82') in 0.021729 seconds
  Import took 0.024951 seconds .

========================================================================
Received Import Request.
  Time since last request: 13.094022 seconds.
  path: Assets/Prefabs/tmp.prefab
  artifactKey: Guid(6ae67f19377f6f64fb7313408658b859) Importer(815301076,1909f56bfc062723c751e8b465ee728b)
Start importing Assets/Prefabs/tmp.prefab using Guid(6ae67f19377f6f64fb7313408658b859) Importer(815301076,1909f56bfc062723c751e8b465ee728b)  -> (artifact id: '9a25f9fd6c9274db1c3d5cadc2944a43') in 0.182808 seconds
  Import took 0.214554 seconds .

========================================================================
Received Import Request.
  Time since last request: 4.200337 seconds.
  path: Assets/Prefabs/tmp.prefab
  artifactKey: Guid(6ae67f19377f6f64fb7313408658b859) Importer(815301076,1909f56bfc062723c751e8b465ee728b)
Start importing Assets/Prefabs/tmp.prefab using Guid(6ae67f19377f6f64fb7313408658b859) Importer(815301076,1909f56bfc062723c751e8b465ee728b)  -> (artifact id: 'b8bf06ef02213f11b6fd02e4036f38ef') in 0.009123 seconds
  Import took 0.011694 seconds .

========================================================================
Received Import Request.
  Time since last request: 642.086715 seconds.
  path: Assets/Prefabs/tmp.prefab
  artifactKey: Guid(6ae67f19377f6f64fb7313408658b859) Importer(815301076,1909f56bfc062723c751e8b465ee728b)
Start importing Assets/Prefabs/tmp.prefab using Guid(6ae67f19377f6f64fb7313408658b859) Importer(815301076,1909f56bfc062723c751e8b465ee728b)  -> (artifact id: 'b3378197db2a43bf94537fb10b55f625') in 0.006912 seconds
  Import took 0.009553 seconds .

========================================================================
Received Import Request.
  Time since last request: 13.414411 seconds.
  path: Assets/Prefabs/RegisterWindow.prefab
  artifactKey: Guid(3fac24150bfdb274ba9716aaf64459ea) Importer(815301076,1909f56bfc062723c751e8b465ee728b)
Start importing Assets/Prefabs/RegisterWindow.prefab using Guid(3fac24150bfdb274ba9716aaf64459ea) Importer(815301076,1909f56bfc062723c751e8b465ee728b)  -> (artifact id: '576c5130587cd665d79a8fa281166957') in 0.087154 seconds
  Import took 0.100829 seconds .

========================================================================
Received Import Request.
  Time since last request: 0.001410 seconds.
  path: Assets/Prefabs/tmp.prefab
  artifactKey: Guid(6ae67f19377f6f64fb7313408658b859) Importer(815301076,1909f56bfc062723c751e8b465ee728b)
Start importing Assets/Prefabs/tmp.prefab using Guid(6ae67f19377f6f64fb7313408658b859) Importer(815301076,1909f56bfc062723c751e8b465ee728b)  -> (artifact id: 'cfa7714949b4f3cc22f859e8a6198861') in 0.031836 seconds
  Import took 0.041859 seconds .

========================================================================
Received Import Request.
  Time since last request: 30.768542 seconds.
  path: Assets/Prefabs/RegisterWindow.prefab
  artifactKey: Guid(3fac24150bfdb274ba9716aaf64459ea) Importer(815301076,1909f56bfc062723c751e8b465ee728b)
Start importing Assets/Prefabs/RegisterWindow.prefab using Guid(3fac24150bfdb274ba9716aaf64459ea) Importer(815301076,1909f56bfc062723c751e8b465ee728b)  -> (artifact id: 'c3447f20441569409869d266f7d91c47') in 0.166354 seconds
  Import took 0.220749 seconds .

========================================================================
Received Import Request.
  Time since last request: 2.855909 seconds.
  path: Assets/Prefabs/RegisterWindow.prefab
  artifactKey: Guid(3fac24150bfdb274ba9716aaf64459ea) Importer(815301076,1909f56bfc062723c751e8b465ee728b)
Start importing Assets/Prefabs/RegisterWindow.prefab using Guid(3fac24150bfdb274ba9716aaf64459ea) Importer(815301076,1909f56bfc062723c751e8b465ee728b)  -> (artifact id: 'f7c551283c0c36eac17ad4a766f4265a') in 0.009143 seconds
  Import took 0.011400 seconds .

========================================================================
Received Import Request.
  Time since last request: 18.602904 seconds.
  path: Assets/Prefabs/RegisterWindow.prefab
  artifactKey: Guid(3fac24150bfdb274ba9716aaf64459ea) Importer(815301076,1909f56bfc062723c751e8b465ee728b)
Start importing Assets/Prefabs/RegisterWindow.prefab using Guid(3fac24150bfdb274ba9716aaf64459ea) Importer(815301076,1909f56bfc062723c751e8b465ee728b)  -> (artifact id: 'ffed28435abf23328e99e8e5999e9953') in 0.178235 seconds
  Import took 0.216102 seconds .

========================================================================
Received Import Request.
  Time since last request: 9.284498 seconds.
  path: Assets/Prefabs/RegisterWindow.prefab
  artifactKey: Guid(3fac24150bfdb274ba9716aaf64459ea) Importer(815301076,1909f56bfc062723c751e8b465ee728b)
Start importing Assets/Prefabs/RegisterWindow.prefab using Guid(3fac24150bfdb274ba9716aaf64459ea) Importer(815301076,1909f56bfc062723c751e8b465ee728b)  -> (artifact id: '3d7b4adeb8a21ad8d15af279d1e95b00') in 0.142981 seconds
  Import took 0.188770 seconds .

========================================================================
Received Import Request.
  Time since last request: 6.285464 seconds.
  path: Assets/Prefabs/RegisterWindow.prefab
  artifactKey: Guid(3fac24150bfdb274ba9716aaf64459ea) Importer(815301076,1909f56bfc062723c751e8b465ee728b)
Start importing Assets/Prefabs/RegisterWindow.prefab using Guid(3fac24150bfdb274ba9716aaf64459ea) Importer(815301076,1909f56bfc062723c751e8b465ee728b)  -> (artifact id: '3ddb2455d1cba01f1fde31c6d5e1b4e8') in 0.122274 seconds
  Import took 0.155480 seconds .

========================================================================
Received Import Request.
  Time since last request: 7.530360 seconds.
  path: Assets/Prefabs/RegisterWindow.prefab
  artifactKey: Guid(3fac24150bfdb274ba9716aaf64459ea) Importer(815301076,1909f56bfc062723c751e8b465ee728b)
Start importing Assets/Prefabs/RegisterWindow.prefab using Guid(3fac24150bfdb274ba9716aaf64459ea) Importer(815301076,1909f56bfc062723c751e8b465ee728b)  -> (artifact id: 'cf1b1b804d421df4703c79baa2055407') in 0.145626 seconds
  Import took 0.178245 seconds .

========================================================================
Received Import Request.
  Time since last request: 2.046776 seconds.
  path: Assets/Prefabs/RegisterWindow.prefab
  artifactKey: Guid(3fac24150bfdb274ba9716aaf64459ea) Importer(815301076,1909f56bfc062723c751e8b465ee728b)
Start importing Assets/Prefabs/RegisterWindow.prefab using Guid(3fac24150bfdb274ba9716aaf64459ea) Importer(815301076,1909f56bfc062723c751e8b465ee728b)  -> (artifact id: '9c0fd7376b079037dc6857cafc99a4c5') in 0.012160 seconds
  Import took 0.014598 seconds .

========================================================================
Received Import Request.
  Time since last request: 48.656636 seconds.
  path: Assets/Script/RegisterWindow.cs
  artifactKey: Guid(d2647459fb14e0147a79d31515e821f8) Importer(815301076,1909f56bfc062723c751e8b465ee728b)
Start importing Assets/Script/RegisterWindow.cs using Guid(d2647459fb14e0147a79d31515e821f8) Importer(815301076,1909f56bfc062723c751e8b465ee728b)  -> (artifact id: '51aaaee90e882b5f3baa7fa74d1f5856') in 0.012831 seconds
  Import took 0.018643 seconds .

========================================================================
Received Import Request.
  Time since last request: 0.003365 seconds.
  path: Assets/Script/RegisterWindow.cs
  artifactKey: Guid(d2647459fb14e0147a79d31515e821f8) Importer(815301076,1909f56bfc062723c751e8b465ee728b)
Start importing Assets/Script/RegisterWindow.cs using Guid(d2647459fb14e0147a79d31515e821f8) Importer(815301076,1909f56bfc062723c751e8b465ee728b)  -> (artifact id: '51aaaee90e882b5f3baa7fa74d1f5856') in 0.006356 seconds
  Import took 0.012131 seconds .

========================================================================
Received Prepare
Registering precompiled user dll's ...
Registered in 0.001232 seconds.
Begin MonoManager ReloadAssembly
Native extension for WindowsStandalone target not found
Refreshing native plugins compatible for Editor in 0.63 ms, found 0 plugins.
Preloading 0 native plugins for Editor in 0.00 ms.
Invoked RoslynAnalysisRunner static constructor.
RoslynAnalysisRunner will not be running.
RoslynAnalysisRunner has terminated.
Mono: successfully reloaded assembly
- Completed reload, in  1.121 seconds
Platform modules already initialized, skipping
Refreshing native plugins compatible for Editor in 0.38 ms, found 0 plugins.
Preloading 0 native plugins for Editor in 0.00 ms.
Unloading 1212 Unused Serialized files (Serialized files now loaded: 0)
System memory in use before: 65.7 MB.
System memory in use after: 65.8 MB.

Unloading 6 unused Assets to reduce memory usage. Loaded Objects now: 1666.
Total: 1.490604 ms (FindLiveObjects: 0.195243 ms CreateObjectMapping: 0.033109 ms MarkObjects: 1.244161 ms  DeleteObjects: 0.016725 ms)

========================================================================
Received Prepare
Registering precompiled user dll's ...
Registered in 0.001596 seconds.
Begin MonoManager ReloadAssembly
Native extension for WindowsStandalone target not found
Refreshing native plugins compatible for Editor in 0.33 ms, found 0 plugins.
Preloading 0 native plugins for Editor in 0.00 ms.
Invoked RoslynAnalysisRunner static constructor.
RoslynAnalysisRunner will not be running.
RoslynAnalysisRunner has terminated.
Mono: successfully reloaded assembly
- Completed reload, in  0.826 seconds
Platform modules already initialized, skipping
Refreshing native plugins compatible for Editor in 0.32 ms, found 0 plugins.
Preloading 0 native plugins for Editor in 0.00 ms.
Unloading 1211 Unused Serialized files (Serialized files now loaded: 0)
System memory in use before: 65.6 MB.
System memory in use after: 65.7 MB.

Unloading 5 unused Assets to reduce memory usage. Loaded Objects now: 1668.
Total: 1.566380 ms (FindLiveObjects: 0.121173 ms CreateObjectMapping: 0.032768 ms MarkObjects: 1.398785 ms  DeleteObjects: 0.012288 ms)

========================================================================
Received Import Request.
  Time since last request: 87.179944 seconds.
  path: Assets/Script/RegisterWindow.cs
  artifactKey: Guid(d2647459fb14e0147a79d31515e821f8) Importer(815301076,1909f56bfc062723c751e8b465ee728b)
Start importing Assets/Script/RegisterWindow.cs using Guid(d2647459fb14e0147a79d31515e821f8) Importer(815301076,1909f56bfc062723c751e8b465ee728b)  -> (artifact id: 'fb27ddf8da6bdc38fff08d965a8112bc') in 0.005357 seconds
  Import took 0.008283 seconds .

========================================================================
Received Prepare
Registering precompiled user dll's ...
Registered in 0.001219 seconds.
Begin MonoManager ReloadAssembly
Native extension for WindowsStandalone target not found
Refreshing native plugins compatible for Editor in 0.38 ms, found 0 plugins.
Preloading 0 native plugins for Editor in 0.00 ms.
Invoked RoslynAnalysisRunner static constructor.
RoslynAnalysisRunner will not be running.
RoslynAnalysisRunner has terminated.
Mono: successfully reloaded assembly
- Completed reload, in  0.857 seconds
Platform modules already initialized, skipping
Refreshing native plugins compatible for Editor in 0.34 ms, found 0 plugins.
Preloading 0 native plugins for Editor in 0.00 ms.
Unloading 1211 Unused Serialized files (Serialized files now loaded: 0)
System memory in use before: 65.7 MB.
System memory in use after: 65.7 MB.

Unloading 5 unused Assets to reduce memory usage. Loaded Objects now: 1670.
Total: 1.420972 ms (FindLiveObjects: 0.119808 ms CreateObjectMapping: 0.036181 ms MarkObjects: 1.250988 ms  DeleteObjects: 0.012629 ms)

========================================================================
Received Import Request.
  Time since last request: 44.319938 seconds.
  path: Assets/Script/RegisterWindow.cs
  artifactKey: Guid(d2647459fb14e0147a79d31515e821f8) Importer(815301076,1909f56bfc062723c751e8b465ee728b)
Start importing Assets/Script/RegisterWindow.cs using Guid(d2647459fb14e0147a79d31515e821f8) Importer(815301076,1909f56bfc062723c751e8b465ee728b)  -> (artifact id: '19444bdc4dd6ff8bf338c89780c906e0') in 0.004904 seconds
  Import took 0.006909 seconds .

========================================================================
Received Import Request.
  Time since last request: 20.487831 seconds.
  path: Assets/Prefabs/RegisterWindow.prefab
  artifactKey: Guid(3fac24150bfdb274ba9716aaf64459ea) Importer(815301076,1909f56bfc062723c751e8b465ee728b)
Start importing Assets/Prefabs/RegisterWindow.prefab using Guid(3fac24150bfdb274ba9716aaf64459ea) Importer(815301076,1909f56bfc062723c751e8b465ee728b)  -> (artifact id: 'b8c45c9b8d8b06a46d4e68486421d161') in 0.048515 seconds
  Import took 0.051086 seconds .

========================================================================
Received Import Request.
  Time since last request: 9.717441 seconds.
  path: Assets/Prefabs/RegisterWindow.prefab
  artifactKey: Guid(3fac24150bfdb274ba9716aaf64459ea) Importer(815301076,1909f56bfc062723c751e8b465ee728b)
Start importing Assets/Prefabs/RegisterWindow.prefab using Guid(3fac24150bfdb274ba9716aaf64459ea) Importer(815301076,1909f56bfc062723c751e8b465ee728b)  -> (artifact id: 'ae6cad3e1e29b9664cea3429717c9c81') in 0.123338 seconds
  Import took 0.160931 seconds .

========================================================================
Received Import Request.
  Time since last request: 10.922665 seconds.
  path: Assets/Scenes/VillageScene/LightingData.asset
  artifactKey: Guid(8b8d6091d3aa86b4e98fc6cd78916cd1) Importer(815301076,1909f56bfc062723c751e8b465ee728b)
Start importing Assets/Scenes/VillageScene/LightingData.asset using Guid(8b8d6091d3aa86b4e98fc6cd78916cd1) Importer(815301076,1909f56bfc062723c751e8b465ee728b)  -> (artifact id: '710d6e326c20e698e8d0b0c054ea5da4') in 0.044986 seconds
  Import took 0.053474 seconds .

========================================================================
Received Import Request.
  Time since last request: 10.398055 seconds.
  path: Assets/Prefabs/TitleUI.prefab
  artifactKey: Guid(b07f4ac883d31a842bc8815f3cec42e5) Importer(815301076,1909f56bfc062723c751e8b465ee728b)
Start importing Assets/Prefabs/TitleUI.prefab using Guid(b07f4ac883d31a842bc8815f3cec42e5) Importer(815301076,1909f56bfc062723c751e8b465ee728b)  -> (artifact id: 'b50f065d10f83ea02f13b2ca07b20258') in 0.268088 seconds
  Import took 0.279324 seconds .

========================================================================
Received Import Request.
  Time since last request: 12.828911 seconds.
  path: Assets/Prefabs/TitleUI.prefab
  artifactKey: Guid(b07f4ac883d31a842bc8815f3cec42e5) Importer(815301076,1909f56bfc062723c751e8b465ee728b)
Start importing Assets/Prefabs/TitleUI.prefab using Guid(b07f4ac883d31a842bc8815f3cec42e5) Importer(815301076,1909f56bfc062723c751e8b465ee728b)  -> (artifact id: 'cc70660e39d87d5de74f15bef13b2153') in 0.013056 seconds
  Import took 0.015473 seconds .

========================================================================
Received Import Request.
  Time since last request: 2.674802 seconds.
  path: Assets/Prefabs/TitleUI.prefab
  artifactKey: Guid(b07f4ac883d31a842bc8815f3cec42e5) Importer(815301076,1909f56bfc062723c751e8b465ee728b)
Start importing Assets/Prefabs/TitleUI.prefab using Guid(b07f4ac883d31a842bc8815f3cec42e5) Importer(815301076,1909f56bfc062723c751e8b465ee728b)  -> (artifact id: '327df820b708c1b1b8be4c5604fa5276') in 0.009752 seconds
  Import took 0.012859 seconds .

========================================================================
Received Import Request.
  Time since last request: 2.623321 seconds.
  path: Assets/Prefabs/TitleUI.prefab
  artifactKey: Guid(b07f4ac883d31a842bc8815f3cec42e5) Importer(815301076,1909f56bfc062723c751e8b465ee728b)
Start importing Assets/Prefabs/TitleUI.prefab using Guid(b07f4ac883d31a842bc8815f3cec42e5) Importer(815301076,1909f56bfc062723c751e8b465ee728b)  -> (artifact id: 'c8a976715f7d641ff2ff9dd9b1e49266') in 0.010956 seconds
  Import took 0.013454 seconds .

========================================================================
Received Import Request.
  Time since last request: 3.013265 seconds.
  path: Assets/Prefabs/TitleUI.prefab
  artifactKey: Guid(b07f4ac883d31a842bc8815f3cec42e5) Importer(815301076,1909f56bfc062723c751e8b465ee728b)
Start importing Assets/Prefabs/TitleUI.prefab using Guid(b07f4ac883d31a842bc8815f3cec42e5) Importer(815301076,1909f56bfc062723c751e8b465ee728b)  -> (artifact id: 'f05f2a552312e9f679ad5a4c28254739') in 0.011156 seconds
  Import took 0.013533 seconds .

========================================================================
Received Import Request.
  Time since last request: 3.465586 seconds.
  path: Assets/Prefabs/TitleUI.prefab
  artifactKey: Guid(b07f4ac883d31a842bc8815f3cec42e5) Importer(815301076,1909f56bfc062723c751e8b465ee728b)
Start importing Assets/Prefabs/TitleUI.prefab using Guid(b07f4ac883d31a842bc8815f3cec42e5) Importer(815301076,1909f56bfc062723c751e8b465ee728b)  -> (artifact id: 'e02fea291914f3f17a5c64d7f68064be') in 0.012115 seconds
  Import took 0.014575 seconds .

========================================================================
Received Prepare
Registering precompiled user dll's ...
Registered in 0.001196 seconds.
Begin MonoManager ReloadAssembly
Native extension for WindowsStandalone target not found
Refreshing native plugins compatible for Editor in 0.33 ms, found 0 plugins.
Preloading 0 native plugins for Editor in 0.00 ms.
Invoked RoslynAnalysisRunner static constructor.
RoslynAnalysisRunner will not be running.
RoslynAnalysisRunner has terminated.
Mono: successfully reloaded assembly
- Completed reload, in  0.826 seconds
Platform modules already initialized, skipping
Refreshing native plugins compatible for Editor in 0.33 ms, found 0 plugins.
Preloading 0 native plugins for Editor in 0.00 ms.
Unloading 1211 Unused Serialized files (Serialized files now loaded: 0)
System memory in use before: 65.7 MB.
System memory in use after: 65.8 MB.

Unloading 5 unused Assets to reduce memory usage. Loaded Objects now: 1672.
Total: 1.524396 ms (FindLiveObjects: 0.124245 ms CreateObjectMapping: 0.040960 ms MarkObjects: 1.345878 ms  DeleteObjects: 0.012629 ms)

========================================================================
Received Import Request.
  Time since last request: 25.959905 seconds.
  path: Assets/Prefabs/TitleUI.prefab
  artifactKey: Guid(b07f4ac883d31a842bc8815f3cec42e5) Importer(815301076,1909f56bfc062723c751e8b465ee728b)
Start importing Assets/Prefabs/TitleUI.prefab using Guid(b07f4ac883d31a842bc8815f3cec42e5) Importer(815301076,1909f56bfc062723c751e8b465ee728b)  -> (artifact id: '3bff4f241222e4e3ca506d173b524e90') in 0.311229 seconds
  Import took 0.314493 seconds .

========================================================================
Received Prepare
Registering precompiled user dll's ...
Registered in 0.002213 seconds.
Begin MonoManager ReloadAssembly
Native extension for WindowsStandalone target not found
Refreshing native plugins compatible for Editor in 0.50 ms, found 0 plugins.
Preloading 0 native plugins for Editor in 0.00 ms.
Invoked RoslynAnalysisRunner static constructor.
RoslynAnalysisRunner will not be running.
RoslynAnalysisRunner has terminated.
Mono: successfully reloaded assembly
- Completed reload, in  1.180 seconds
Platform modules already initialized, skipping
Refreshing native plugins compatible for Editor in 0.35 ms, found 0 plugins.
Preloading 0 native plugins for Editor in 0.00 ms.
Unloading 1211 Unused Serialized files (Serialized files now loaded: 0)
System memory in use before: 65.7 MB.
System memory in use after: 65.8 MB.

Unloading 5 unused Assets to reduce memory usage. Loaded Objects now: 1674.
Total: 1.852418 ms (FindLiveObjects: 0.120149 ms CreateObjectMapping: 0.032427 ms MarkObjects: 1.682092 ms  DeleteObjects: 0.015701 ms)

========================================================================
Received Import Request.
  Time since last request: 89.951889 seconds.
  path: Assets/Prefabs/RegisterWindow.prefab
  artifactKey: Guid(3fac24150bfdb274ba9716aaf64459ea) Importer(815301076,1909f56bfc062723c751e8b465ee728b)
Start importing Assets/Prefabs/RegisterWindow.prefab using Guid(3fac24150bfdb274ba9716aaf64459ea) Importer(815301076,1909f56bfc062723c751e8b465ee728b)  -> (artifact id: '5a017f750844245cab0440f6c293cfd6') in 0.054323 seconds
  Import took 0.056722 seconds .

========================================================================
Received Import Request.
  Time since last request: 17.740310 seconds.
  path: Assets/Prefabs/RegisterWindow.prefab
  artifactKey: Guid(3fac24150bfdb274ba9716aaf64459ea) Importer(815301076,1909f56bfc062723c751e8b465ee728b)
Start importing Assets/Prefabs/RegisterWindow.prefab using Guid(3fac24150bfdb274ba9716aaf64459ea) Importer(815301076,1909f56bfc062723c751e8b465ee728b)  -> (artifact id: '3e7c7658f9bdd8e88455bfd1cd69140d') in 0.162416 seconds
  Import took 0.218504 seconds .

========================================================================
Received Import Request.
  Time since last request: 1.434078 seconds.
  path: Assets/Prefabs/RegisterWindow.prefab
  artifactKey: Guid(3fac24150bfdb274ba9716aaf64459ea) Importer(815301076,1909f56bfc062723c751e8b465ee728b)
Start importing Assets/Prefabs/RegisterWindow.prefab using Guid(3fac24150bfdb274ba9716aaf64459ea) Importer(815301076,1909f56bfc062723c751e8b465ee728b)  -> (artifact id: 'fb535965138627cb7f0940e830f3a5b3') in 0.006139 seconds
  Import took 0.008715 seconds .

========================================================================
Received Prepare
Registering precompiled user dll's ...
Registered in 0.001113 seconds.
Begin MonoManager ReloadAssembly
Native extension for WindowsStandalone target not found
Refreshing native plugins compatible for Editor in 0.35 ms, found 0 plugins.
Preloading 0 native plugins for Editor in 0.00 ms.
Invoked RoslynAnalysisRunner static constructor.
RoslynAnalysisRunner will not be running.
RoslynAnalysisRunner has terminated.
Mono: successfully reloaded assembly
- Completed reload, in  0.819 seconds
Platform modules already initialized, skipping
Refreshing native plugins compatible for Editor in 0.37 ms, found 0 plugins.
Preloading 0 native plugins for Editor in 0.00 ms.
Unloading 1211 Unused Serialized files (Serialized files now loaded: 0)
System memory in use before: 65.7 MB.
System memory in use after: 65.8 MB.

Unloading 5 unused Assets to reduce memory usage. Loaded Objects now: 1676.
Total: 1.401516 ms (FindLiveObjects: 0.120491 ms CreateObjectMapping: 0.032768 ms MarkObjects: 1.234604 ms  DeleteObjects: 0.012971 ms)

========================================================================
Received Import Request.
  Time since last request: 248.113757 seconds.
  path: Assets/Prefabs/RegisterWindow.prefab
  artifactKey: Guid(3fac24150bfdb274ba9716aaf64459ea) Importer(815301076,1909f56bfc062723c751e8b465ee728b)
Start importing Assets/Prefabs/RegisterWindow.prefab using Guid(3fac24150bfdb274ba9716aaf64459ea) Importer(815301076,1909f56bfc062723c751e8b465ee728b)  -> (artifact id: '1a309d0424365680f8ea0a1729fc859d') in 0.302068 seconds
  Import took 0.304552 seconds .

========================================================================
Received Prepare
Registering precompiled user dll's ...
Registered in 0.001166 seconds.
Begin MonoManager ReloadAssembly
Native extension for WindowsStandalone target not found
Refreshing native plugins compatible for Editor in 0.34 ms, found 0 plugins.
Preloading 0 native plugins for Editor in 0.00 ms.
Invoked RoslynAnalysisRunner static constructor.
RoslynAnalysisRunner will not be running.
RoslynAnalysisRunner has terminated.
Mono: successfully reloaded assembly
- Completed reload, in  0.820 seconds
Platform modules already initialized, skipping
Refreshing native plugins compatible for Editor in 0.34 ms, found 0 plugins.
Preloading 0 native plugins for Editor in 0.00 ms.
Unloading 1211 Unused Serialized files (Serialized files now loaded: 0)
System memory in use before: 65.7 MB.
System memory in use after: 65.8 MB.

Unloading 5 unused Assets to reduce memory usage. Loaded Objects now: 1678.
Total: 1.515180 ms (FindLiveObjects: 0.134144 ms CreateObjectMapping: 0.039253 ms MarkObjects: 1.326764 ms  DeleteObjects: 0.013995 ms)

========================================================================
Received Prepare
Registering precompiled user dll's ...
Registered in 0.001194 seconds.
Begin MonoManager ReloadAssembly
Native extension for WindowsStandalone target not found
Refreshing native plugins compatible for Editor in 0.44 ms, found 0 plugins.
Preloading 0 native plugins for Editor in 0.00 ms.
Invoked RoslynAnalysisRunner static constructor.
RoslynAnalysisRunner will not be running.
RoslynAnalysisRunner has terminated.
Mono: successfully reloaded assembly
- Completed reload, in  1.064 seconds
Platform modules already initialized, skipping
Refreshing native plugins compatible for Editor in 0.36 ms, found 0 plugins.
Preloading 0 native plugins for Editor in 0.00 ms.
Unloading 1211 Unused Serialized files (Serialized files now loaded: 0)
System memory in use before: 65.7 MB.
System memory in use after: 65.8 MB.

Unloading 5 unused Assets to reduce memory usage. Loaded Objects now: 1680.
Total: 2.417666 ms (FindLiveObjects: 0.304470 ms CreateObjectMapping: 0.109568 ms MarkObjects: 1.987244 ms  DeleteObjects: 0.014336 ms)

========================================================================
Received Prepare
Registering precompiled user dll's ...
Registered in 0.001160 seconds.
Begin MonoManager ReloadAssembly
Native extension for WindowsStandalone target not found
Refreshing native plugins compatible for Editor in 0.34 ms, found 0 plugins.
Preloading 0 native plugins for Editor in 0.00 ms.
Invoked RoslynAnalysisRunner static constructor.
RoslynAnalysisRunner will not be running.
RoslynAnalysisRunner has terminated.
Mono: successfully reloaded assembly
- Completed reload, in  0.800 seconds
Platform modules already initialized, skipping
Refreshing native plugins compatible for Editor in 0.36 ms, found 0 plugins.
Preloading 0 native plugins for Editor in 0.00 ms.
Unloading 1211 Unused Serialized files (Serialized files now loaded: 0)
System memory in use before: 65.7 MB.
System memory in use after: 65.8 MB.

Unloading 5 unused Assets to reduce memory usage. Loaded Objects now: 1682.
Total: 1.805314 ms (FindLiveObjects: 0.120832 ms CreateObjectMapping: 0.032427 ms MarkObjects: 1.636353 ms  DeleteObjects: 0.014336 ms)

========================================================================
Received Prepare
Registering precompiled user dll's ...
Registered in 0.001258 seconds.
Begin MonoManager ReloadAssembly
Native extension for WindowsStandalone target not found
Refreshing native plugins compatible for Editor in 0.63 ms, found 0 plugins.
Preloading 0 native plugins for Editor in 0.00 ms.
Invoked RoslynAnalysisRunner static constructor.
RoslynAnalysisRunner will not be running.
RoslynAnalysisRunner has terminated.
Mono: successfully reloaded assembly
- Completed reload, in  0.899 seconds
Platform modules already initialized, skipping
Refreshing native plugins compatible for Editor in 0.54 ms, found 0 plugins.
Preloading 0 native plugins for Editor in 0.00 ms.
Unloading 1211 Unused Serialized files (Serialized files now loaded: 0)
System memory in use before: 65.7 MB.
System memory in use after: 65.8 MB.

Unloading 5 unused Assets to reduce memory usage. Loaded Objects now: 1684.
Total: 1.653079 ms (FindLiveObjects: 0.165888 ms CreateObjectMapping: 0.036523 ms MarkObjects: 1.432577 ms  DeleteObjects: 0.016725 ms)

========================================================================
Received Prepare
Registering precompiled user dll's ...
Registered in 0.001209 seconds.
Begin MonoManager ReloadAssembly
Native extension for WindowsStandalone target not found
Refreshing native plugins compatible for Editor in 0.37 ms, found 0 plugins.
Preloading 0 native plugins for Editor in 0.00 ms.
Invoked RoslynAnalysisRunner static constructor.
RoslynAnalysisRunner will not be running.
RoslynAnalysisRunner has terminated.
Mono: successfully reloaded assembly
- Completed reload, in  0.811 seconds
Platform modules already initialized, skipping
Refreshing native plugins compatible for Editor in 0.36 ms, found 0 plugins.
Preloading 0 native plugins for Editor in 0.00 ms.
Unloading 1211 Unused Serialized files (Serialized files now loaded: 0)
System memory in use before: 65.7 MB.
System memory in use after: 65.8 MB.

Unloading 5 unused Assets to reduce memory usage. Loaded Objects now: 1686.
Total: 1.645228 ms (FindLiveObjects: 0.173397 ms CreateObjectMapping: 0.034816 ms MarkObjects: 1.423703 ms  DeleteObjects: 0.012288 ms)

========================================================================
Received Import Request.
  Time since last request: 2352.687159 seconds.
  path: Assets/Script/JsonClass.cs
  artifactKey: Guid(e379ac0fcc811fa49bf31c6be3e22373) Importer(815301076,1909f56bfc062723c751e8b465ee728b)
Start importing Assets/Script/JsonClass.cs using Guid(e379ac0fcc811fa49bf31c6be3e22373) Importer(815301076,1909f56bfc062723c751e8b465ee728b)  -> (artifact id: '5fd42c24b7b3c178bcd4820f502f7286') in 0.013046 seconds
  Import took 0.016208 seconds .

========================================================================
Received Import Request.
  Time since last request: 0.005142 seconds.
  path: Assets/Script/JsonClass.cs
  artifactKey: Guid(e379ac0fcc811fa49bf31c6be3e22373) Importer(815301076,1909f56bfc062723c751e8b465ee728b)
Start importing Assets/Script/JsonClass.cs using Guid(e379ac0fcc811fa49bf31c6be3e22373) Importer(815301076,1909f56bfc062723c751e8b465ee728b)  -> (artifact id: '5fd42c24b7b3c178bcd4820f502f7286') in 0.004812 seconds
  Import took 0.007055 seconds .

========================================================================
Received Prepare
Registering precompiled user dll's ...
Registered in 0.001232 seconds.
Begin MonoManager ReloadAssembly
Native extension for WindowsStandalone target not found
Refreshing native plugins compatible for Editor in 0.39 ms, found 0 plugins.
Preloading 0 native plugins for Editor in 0.00 ms.
Invoked RoslynAnalysisRunner static constructor.
RoslynAnalysisRunner will not be running.
RoslynAnalysisRunner has terminated.
Mono: successfully reloaded assembly
- Completed reload, in  0.867 seconds
Platform modules already initialized, skipping
Refreshing native plugins compatible for Editor in 0.33 ms, found 0 plugins.
Preloading 0 native plugins for Editor in 0.00 ms.
Unloading 1212 Unused Serialized files (Serialized files now loaded: 0)
System memory in use before: 65.8 MB.
System memory in use after: 65.9 MB.

Unloading 5 unused Assets to reduce memory usage. Loaded Objects now: 1689.
Total: 1.424385 ms (FindLiveObjects: 0.132437 ms CreateObjectMapping: 0.038571 ms MarkObjects: 1.238358 ms  DeleteObjects: 0.013312 ms)

========================================================================
Received Import Request.
  Time since last request: 1251.541324 seconds.
  path: Assets/Script/JsonClass.cs
  artifactKey: Guid(e379ac0fcc811fa49bf31c6be3e22373) Importer(815301076,1909f56bfc062723c751e8b465ee728b)
Start importing Assets/Script/JsonClass.cs using Guid(e379ac0fcc811fa49bf31c6be3e22373) Importer(815301076,1909f56bfc062723c751e8b465ee728b)  -> (artifact id: '65e2d10e0a8f682c3fc9d0ee0df571b6') in 0.004794 seconds
  Import took 0.006954 seconds .

========================================================================
Received Prepare
Registering precompiled user dll's ...
Registered in 0.001404 seconds.
Begin MonoManager ReloadAssembly
Native extension for WindowsStandalone target not found
Refreshing native plugins compatible for Editor in 0.33 ms, found 0 plugins.
Preloading 0 native plugins for Editor in 0.00 ms.
Invoked RoslynAnalysisRunner static constructor.
RoslynAnalysisRunner will not be running.
RoslynAnalysisRunner has terminated.
Mono: successfully reloaded assembly
- Completed reload, in  1.042 seconds
Platform modules already initialized, skipping
Refreshing native plugins compatible for Editor in 0.33 ms, found 0 plugins.
Preloading 0 native plugins for Editor in 0.00 ms.
Unloading 1212 Unused Serialized files (Serialized files now loaded: 0)
System memory in use before: 65.8 MB.
System memory in use after: 65.9 MB.

Unloading 5 unused Assets to reduce memory usage. Loaded Objects now: 1691.
Total: 1.668780 ms (FindLiveObjects: 0.183296 ms CreateObjectMapping: 0.032768 ms MarkObjects: 1.439745 ms  DeleteObjects: 0.011605 ms)

========================================================================
Received Prepare
Registering precompiled user dll's ...
Registered in 0.001142 seconds.
Begin MonoManager ReloadAssembly
Native extension for WindowsStandalone target not found
Refreshing native plugins compatible for Editor in 0.45 ms, found 0 plugins.
Preloading 0 native plugins for Editor in 0.00 ms.
Invoked RoslynAnalysisRunner static constructor.
RoslynAnalysisRunner will not be running.
RoslynAnalysisRunner has terminated.
Mono: successfully reloaded assembly
- Completed reload, in  0.806 seconds
Platform modules already initialized, skipping
Refreshing native plugins compatible for Editor in 0.36 ms, found 0 plugins.
Preloading 0 native plugins for Editor in 0.00 ms.
Unloading 1212 Unused Serialized files (Serialized files now loaded: 0)
System memory in use before: 65.8 MB.
System memory in use after: 65.9 MB.

Unloading 5 unused Assets to reduce memory usage. Loaded Objects now: 1693.
Total: 1.515863 ms (FindLiveObjects: 0.132096 ms CreateObjectMapping: 0.035157 ms MarkObjects: 1.333249 ms  DeleteObjects: 0.013995 ms)

========================================================================
Received Prepare
Registering precompiled user dll's ...
Registered in 0.001357 seconds.
Begin MonoManager ReloadAssembly
Native extension for WindowsStandalone target not found
Refreshing native plugins compatible for Editor in 0.42 ms, found 0 plugins.
Preloading 0 native plugins for Editor in 0.00 ms.
Invoked RoslynAnalysisRunner static constructor.
RoslynAnalysisRunner will not be running.
RoslynAnalysisRunner has terminated.
Mono: successfully reloaded assembly
- Completed reload, in  1.237 seconds
Platform modules already initialized, skipping
Refreshing native plugins compatible for Editor in 0.33 ms, found 0 plugins.
Preloading 0 native plugins for Editor in 0.00 ms.
Unloading 1212 Unused Serialized files (Serialized files now loaded: 0)
System memory in use before: 65.8 MB.
System memory in use after: 65.9 MB.

Unloading 5 unused Assets to reduce memory usage. Loaded Objects now: 1695.
Total: 1.351681 ms (FindLiveObjects: 0.120832 ms CreateObjectMapping: 0.033792 ms MarkObjects: 1.184086 ms  DeleteObjects: 0.011947 ms)

========================================================================
Received Prepare
Registering precompiled user dll's ...
Registered in 0.001366 seconds.
Begin MonoManager ReloadAssembly
Native extension for WindowsStandalone target not found
Refreshing native plugins compatible for Editor in 0.37 ms, found 0 plugins.
Preloading 0 native plugins for Editor in 0.00 ms.
Invoked RoslynAnalysisRunner static constructor.
RoslynAnalysisRunner will not be running.
RoslynAnalysisRunner has terminated.
Mono: successfully reloaded assembly
- Completed reload, in  1.143 seconds
Platform modules already initialized, skipping
Refreshing native plugins compatible for Editor in 0.43 ms, found 0 plugins.
Preloading 0 native plugins for Editor in 0.00 ms.
Unloading 1212 Unused Serialized files (Serialized files now loaded: 0)
System memory in use before: 65.8 MB.
System memory in use after: 65.9 MB.

Unloading 5 unused Assets to reduce memory usage. Loaded Objects now: 1697.
Total: 1.842860 ms (FindLiveObjects: 0.150869 ms CreateObjectMapping: 0.049152 ms MarkObjects: 1.626796 ms  DeleteObjects: 0.014677 ms)

========================================================================
Received Import Request.
  Time since last request: 610.495170 seconds.
  path: Assets/Script/JsonClass.cs
  artifactKey: Guid(e379ac0fcc811fa49bf31c6be3e22373) Importer(815301076,1909f56bfc062723c751e8b465ee728b)
Start importing Assets/Script/JsonClass.cs using Guid(e379ac0fcc811fa49bf31c6be3e22373) Importer(815301076,1909f56bfc062723c751e8b465ee728b)  -> (artifact id: 'e899a50021b48e8f6da20f5746ac8b96') in 0.005941 seconds
  Import took 0.008196 seconds .

========================================================================
Received Prepare
Registering precompiled user dll's ...
Registered in 0.001179 seconds.
Begin MonoManager ReloadAssembly
Native extension for WindowsStandalone target not found
Refreshing native plugins compatible for Editor in 0.33 ms, found 0 plugins.
Preloading 0 native plugins for Editor in 0.00 ms.
Invoked RoslynAnalysisRunner static constructor.
RoslynAnalysisRunner will not be running.
RoslynAnalysisRunner has terminated.
Mono: successfully reloaded assembly
- Completed reload, in  0.795 seconds
Platform modules already initialized, skipping
Refreshing native plugins compatible for Editor in 0.33 ms, found 0 plugins.
Preloading 0 native plugins for Editor in 0.00 ms.
Unloading 1212 Unused Serialized files (Serialized files now loaded: 0)
System memory in use before: 65.8 MB.
System memory in use after: 65.9 MB.

Unloading 5 unused Assets to reduce memory usage. Loaded Objects now: 1699.
Total: 1.307649 ms (FindLiveObjects: 0.114005 ms CreateObjectMapping: 0.033109 ms MarkObjects: 1.148588 ms  DeleteObjects: 0.011605 ms)

========================================================================
Received Import Request.
  Time since last request: 40.182834 seconds.
  path: Assets/Script/JsonClass.cs
  artifactKey: Guid(e379ac0fcc811fa49bf31c6be3e22373) Importer(815301076,1909f56bfc062723c751e8b465ee728b)
Start importing Assets/Script/JsonClass.cs using Guid(e379ac0fcc811fa49bf31c6be3e22373) Importer(815301076,1909f56bfc062723c751e8b465ee728b)  -> (artifact id: '337fc219b507b463ab281ede8c8d8358') in 0.004636 seconds
  Import took 0.006740 seconds .

========================================================================
Received Prepare
Registering precompiled user dll's ...
Registered in 0.001229 seconds.
Begin MonoManager ReloadAssembly
Native extension for WindowsStandalone target not found
Refreshing native plugins compatible for Editor in 0.49 ms, found 0 plugins.
Preloading 0 native plugins for Editor in 0.00 ms.
Invoked RoslynAnalysisRunner static constructor.
RoslynAnalysisRunner will not be running.
RoslynAnalysisRunner has terminated.
Mono: successfully reloaded assembly
- Completed reload, in  0.970 seconds
Platform modules already initialized, skipping
Refreshing native plugins compatible for Editor in 0.48 ms, found 0 plugins.
Preloading 0 native plugins for Editor in 0.00 ms.
Unloading 1212 Unused Serialized files (Serialized files now loaded: 0)
System memory in use before: 65.8 MB.
System memory in use after: 65.9 MB.

Unloading 5 unused Assets to reduce memory usage. Loaded Objects now: 1701.
Total: 2.454530 ms (FindLiveObjects: 0.178176 ms CreateObjectMapping: 0.049835 ms MarkObjects: 2.206039 ms  DeleteObjects: 0.019115 ms)

========================================================================
Received Prepare
Registering precompiled user dll's ...
Registered in 0.001275 seconds.
Begin MonoManager ReloadAssembly
Native extension for WindowsStandalone target not found
Refreshing native plugins compatible for Editor in 0.33 ms, found 0 plugins.
Preloading 0 native plugins for Editor in 0.00 ms.
Invoked RoslynAnalysisRunner static constructor.
RoslynAnalysisRunner will not be running.
RoslynAnalysisRunner has terminated.
Mono: successfully reloaded assembly
- Completed reload, in  0.812 seconds
Platform modules already initialized, skipping
Refreshing native plugins compatible for Editor in 0.37 ms, found 0 plugins.
Preloading 0 native plugins for Editor in 0.00 ms.
Unloading 1212 Unused Serialized files (Serialized files now loaded: 0)
System memory in use before: 65.8 MB.
System memory in use after: 65.9 MB.

Unloading 5 unused Assets to reduce memory usage. Loaded Objects now: 1703.
Total: 1.535660 ms (FindLiveObjects: 0.147797 ms CreateObjectMapping: 0.038571 ms MarkObjects: 1.334614 ms  DeleteObjects: 0.013653 ms)

========================================================================
Received Prepare
Registering precompiled user dll's ...
Registered in 0.001427 seconds.
Begin MonoManager ReloadAssembly
Native extension for WindowsStandalone target not found
Refreshing native plugins compatible for Editor in 0.36 ms, found 0 plugins.
Preloading 0 native plugins for Editor in 0.00 ms.
Invoked RoslynAnalysisRunner static constructor.
RoslynAnalysisRunner will not be running.
RoslynAnalysisRunner has terminated.
Mono: successfully reloaded assembly
- Completed reload, in  0.985 seconds
Platform modules already initialized, skipping
Refreshing native plugins compatible for Editor in 0.45 ms, found 0 plugins.
Preloading 0 native plugins for Editor in 0.00 ms.
Unloading 1212 Unused Serialized files (Serialized files now loaded: 0)
System memory in use before: 65.8 MB.
System memory in use after: 65.9 MB.

Unloading 5 unused Assets to reduce memory usage. Loaded Objects now: 1705.
Total: 1.673559 ms (FindLiveObjects: 0.162475 ms CreateObjectMapping: 0.044373 ms MarkObjects: 1.452033 ms  DeleteObjects: 0.012971 ms)

========================================================================
Received Prepare
Registering precompiled user dll's ...
Registered in 0.001254 seconds.
Begin MonoManager ReloadAssembly
Native extension for WindowsStandalone target not found
Refreshing native plugins compatible for Editor in 0.36 ms, found 0 plugins.
Preloading 0 native plugins for Editor in 0.00 ms.
Invoked RoslynAnalysisRunner static constructor.
RoslynAnalysisRunner will not be running.
RoslynAnalysisRunner has terminated.
Mono: successfully reloaded assembly
- Completed reload, in  0.851 seconds
Platform modules already initialized, skipping
Refreshing native plugins compatible for Editor in 0.35 ms, found 0 plugins.
Preloading 0 native plugins for Editor in 0.00 ms.
Unloading 1212 Unused Serialized files (Serialized files now loaded: 0)
System memory in use before: 65.8 MB.
System memory in use after: 65.9 MB.

Unloading 5 unused Assets to reduce memory usage. Loaded Objects now: 1707.
Total: 1.449985 ms (FindLiveObjects: 0.123563 ms CreateObjectMapping: 0.033792 ms MarkObjects: 1.279318 ms  DeleteObjects: 0.012288 ms)

========================================================================
Received Prepare
Registering precompiled user dll's ...
Registered in 0.001840 seconds.
Begin MonoManager ReloadAssembly
Native extension for WindowsStandalone target not found
Refreshing native plugins compatible for Editor in 0.35 ms, found 0 plugins.
Preloading 0 native plugins for Editor in 0.00 ms.
Invoked RoslynAnalysisRunner static constructor.
RoslynAnalysisRunner will not be running.
RoslynAnalysisRunner has terminated.
Mono: successfully reloaded assembly
- Completed reload, in  0.893 seconds
Platform modules already initialized, skipping
Refreshing native plugins compatible for Editor in 0.34 ms, found 0 plugins.
Preloading 0 native plugins for Editor in 0.00 ms.
Unloading 1212 Unused Serialized files (Serialized files now loaded: 0)
System memory in use before: 65.8 MB.
System memory in use after: 65.9 MB.

Unloading 5 unused Assets to reduce memory usage. Loaded Objects now: 1709.
Total: 1.662636 ms (FindLiveObjects: 0.208214 ms CreateObjectMapping: 0.040619 ms MarkObjects: 1.399127 ms  DeleteObjects: 0.013312 ms)

========================================================================
Received Prepare
Registering precompiled user dll's ...
Registered in 0.001786 seconds.
Begin MonoManager ReloadAssembly
Native extension for WindowsStandalone target not found
Refreshing native plugins compatible for Editor in 0.34 ms, found 0 plugins.
Preloading 0 native plugins for Editor in 0.00 ms.
Invoked RoslynAnalysisRunner static constructor.
RoslynAnalysisRunner will not be running.
RoslynAnalysisRunner has terminated.
Mono: successfully reloaded assembly
- Completed reload, in  0.956 seconds
Platform modules already initialized, skipping
Refreshing native plugins compatible for Editor in 0.35 ms, found 0 plugins.
Preloading 0 native plugins for Editor in 0.00 ms.
Unloading 1212 Unused Serialized files (Serialized files now loaded: 0)
System memory in use before: 65.8 MB.
System memory in use after: 65.9 MB.

Unloading 5 unused Assets to reduce memory usage. Loaded Objects now: 1711.
Total: 1.701207 ms (FindLiveObjects: 0.174421 ms CreateObjectMapping: 0.046763 ms MarkObjects: 1.466028 ms  DeleteObjects: 0.012629 ms)

========================================================================
Received Prepare
Registering precompiled user dll's ...
Registered in 0.001229 seconds.
Begin MonoManager ReloadAssembly
Native extension for WindowsStandalone target not found
Refreshing native plugins compatible for Editor in 0.33 ms, found 0 plugins.
Preloading 0 native plugins for Editor in 0.00 ms.
Invoked RoslynAnalysisRunner static constructor.
RoslynAnalysisRunner will not be running.
RoslynAnalysisRunner has terminated.
Mono: successfully reloaded assembly
- Completed reload, in  1.197 seconds
Platform modules already initialized, skipping
Refreshing native plugins compatible for Editor in 0.40 ms, found 0 plugins.
Preloading 0 native plugins for Editor in 0.00 ms.
Unloading 1212 Unused Serialized files (Serialized files now loaded: 0)
System memory in use before: 65.9 MB.
System memory in use after: 66.0 MB.

Unloading 5 unused Assets to reduce memory usage. Loaded Objects now: 1713.
Total: 2.080770 ms (FindLiveObjects: 0.161792 ms CreateObjectMapping: 0.045056 ms MarkObjects: 1.855490 ms  DeleteObjects: 0.016384 ms)

========================================================================
Received Prepare
Registering precompiled user dll's ...
Registered in 0.001146 seconds.
Begin MonoManager ReloadAssembly
Native extension for WindowsStandalone target not found
Refreshing native plugins compatible for Editor in 0.34 ms, found 0 plugins.
Preloading 0 native plugins for Editor in 0.00 ms.
Invoked RoslynAnalysisRunner static constructor.
RoslynAnalysisRunner will not be running.
RoslynAnalysisRunner has terminated.
Mono: successfully reloaded assembly
- Completed reload, in  0.812 seconds
Platform modules already initialized, skipping
Refreshing native plugins compatible for Editor in 0.35 ms, found 0 plugins.
Preloading 0 native plugins for Editor in 0.00 ms.
Unloading 1212 Unused Serialized files (Serialized files now loaded: 0)
System memory in use before: 65.9 MB.
System memory in use after: 66.0 MB.

Unloading 5 unused Assets to reduce memory usage. Loaded Objects now: 1715.
Total: 1.535319 ms (FindLiveObjects: 0.123221 ms CreateObjectMapping: 0.033792 ms MarkObjects: 1.366017 ms  DeleteObjects: 0.011947 ms)

========================================================================
Received Prepare
Registering precompiled user dll's ...
Registered in 0.001133 seconds.
Begin MonoManager ReloadAssembly
Native extension for WindowsStandalone target not found
Refreshing native plugins compatible for Editor in 0.42 ms, found 0 plugins.
Preloading 0 native plugins for Editor in 0.00 ms.
Invoked RoslynAnalysisRunner static constructor.
RoslynAnalysisRunner will not be running.
RoslynAnalysisRunner has terminated.
Mono: successfully reloaded assembly
- Completed reload, in  0.810 seconds
Platform modules already initialized, skipping
Refreshing native plugins compatible for Editor in 0.35 ms, found 0 plugins.
Preloading 0 native plugins for Editor in 0.00 ms.
Unloading 1212 Unused Serialized files (Serialized files now loaded: 0)
System memory in use before: 65.9 MB.
System memory in use after: 66.0 MB.

Unloading 5 unused Assets to reduce memory usage. Loaded Objects now: 1717.
Total: 1.538732 ms (FindLiveObjects: 0.130048 ms CreateObjectMapping: 0.037888 ms MarkObjects: 1.355436 ms  DeleteObjects: 0.013653 ms)

========================================================================
Received Import Request.
  Time since last request: 1820.379828 seconds.
  path: Assets/Script/JsonClass.cs
  artifactKey: Guid(19f13c757fa1f854fbf63c6253e92eed) Importer(815301076,1909f56bfc062723c751e8b465ee728b)
Start importing Assets/Script/JsonClass.cs using Guid(19f13c757fa1f854fbf63c6253e92eed) Importer(815301076,1909f56bfc062723c751e8b465ee728b)  -> (artifact id: '61500393090a669c873dc5466b39b403') in 0.008338 seconds
  Import took 0.010577 seconds .

========================================================================
Received Prepare
Registering precompiled user dll's ...
Registered in 0.001132 seconds.
Begin MonoManager ReloadAssembly
Native extension for WindowsStandalone target not found
Refreshing native plugins compatible for Editor in 0.36 ms, found 0 plugins.
Preloading 0 native plugins for Editor in 0.00 ms.
Invoked RoslynAnalysisRunner static constructor.
RoslynAnalysisRunner will not be running.
RoslynAnalysisRunner has terminated.
Mono: successfully reloaded assembly
- Completed reload, in  0.878 seconds
Platform modules already initialized, skipping
Refreshing native plugins compatible for Editor in 0.48 ms, found 0 plugins.
Preloading 0 native plugins for Editor in 0.00 ms.
Unloading 1213 Unused Serialized files (Serialized files now loaded: 0)
System memory in use before: 65.9 MB.
System memory in use after: 66.0 MB.

Unloading 5 unused Assets to reduce memory usage. Loaded Objects now: 1720.
Total: 1.783127 ms (FindLiveObjects: 0.124245 ms CreateObjectMapping: 0.035157 ms MarkObjects: 1.595393 ms  DeleteObjects: 0.026624 ms)

========================================================================
Received Prepare
Registering precompiled user dll's ...
Registered in 0.002181 seconds.
Begin MonoManager ReloadAssembly
Native extension for WindowsStandalone target not found
Refreshing native plugins compatible for Editor in 0.33 ms, found 0 plugins.
Preloading 0 native plugins for Editor in 0.00 ms.
Invoked RoslynAnalysisRunner static constructor.
RoslynAnalysisRunner will not be running.
RoslynAnalysisRunner has terminated.
Mono: successfully reloaded assembly
- Completed reload, in  0.824 seconds
Platform modules already initialized, skipping
Refreshing native plugins compatible for Editor in 0.35 ms, found 0 plugins.
Preloading 0 native plugins for Editor in 0.00 ms.
Unloading 1213 Unused Serialized files (Serialized files now loaded: 0)
System memory in use before: 65.9 MB.
System memory in use after: 66.0 MB.

Unloading 5 unused Assets to reduce memory usage. Loaded Objects now: 1722.
Total: 1.540097 ms (FindLiveObjects: 0.131072 ms CreateObjectMapping: 0.036523 ms MarkObjects: 1.358166 ms  DeleteObjects: 0.013653 ms)

========================================================================
Received Import Request.
  Time since last request: 157.118552 seconds.
  path: Assets/Script/JsonClass.cs
  artifactKey: Guid(19f13c757fa1f854fbf63c6253e92eed) Importer(815301076,1909f56bfc062723c751e8b465ee728b)
Start importing Assets/Script/JsonClass.cs using Guid(19f13c757fa1f854fbf63c6253e92eed) Importer(815301076,1909f56bfc062723c751e8b465ee728b)  -> (artifact id: '2917638ea8653f84a9de03f5a7012928') in 0.005111 seconds
  Import took 0.007347 seconds .

========================================================================
Received Prepare
Registering precompiled user dll's ...
Registered in 0.001485 seconds.
Begin MonoManager ReloadAssembly
Native extension for WindowsStandalone target not found
Refreshing native plugins compatible for Editor in 0.34 ms, found 0 plugins.
Preloading 0 native plugins for Editor in 0.00 ms.
Invoked RoslynAnalysisRunner static constructor.
RoslynAnalysisRunner will not be running.
RoslynAnalysisRunner has terminated.
Mono: successfully reloaded assembly
- Completed reload, in  1.135 seconds
Platform modules already initialized, skipping
Refreshing native plugins compatible for Editor in 0.36 ms, found 0 plugins.
Preloading 0 native plugins for Editor in 0.00 ms.
Unloading 1212 Unused Serialized files (Serialized files now loaded: 0)
System memory in use before: 65.9 MB.
System memory in use after: 66.0 MB.

Unloading 5 unused Assets to reduce memory usage. Loaded Objects now: 1724.
Total: 1.468417 ms (FindLiveObjects: 0.131072 ms CreateObjectMapping: 0.036523 ms MarkObjects: 1.285462 ms  DeleteObjects: 0.014336 ms)

AssetImportWorkerClient::OnTransportError - code=2 error=End of file
